This is pdfeTeX, Version 3.141592-1.21a-2.2 (Web2C 7.5.4) (format=pdflatex 2007.12.21)  16 APR 2010 16:06
entering extended mode
**cr-evmdds.tex
(./cr-evmdds.tex
LaTeX2e <2003/12/01>
Babel <v3.8d> and hyphenation patterns for american, french, german, ngerman, b
ahasa, basque, bulgarian, catalan, croatian, czech, danish, dutch, esperanto, e
stonian, finnish, greek, icelandic, irish, italian, latin, magyar, norsk, polis
h, portuges, romanian, russian, serbian, slovak, slovene, spanish, swedish, tur
kish, ukrainian, nohyphenation, loaded.
(/sw/share/texmf/tex/latex/misc/NASA.cls
Document Class: NASA 2009/4/30 v1.44 NASA class
(/sw/share/texmf-dist/tex/latex/base/article.cls
Document Class: article 2004/02/16 v1.4f Standard LaTeX document class
(/sw/share/texmf-dist/tex/latex/base/size10.clo
File: size10.clo 2004/02/16 v1.4f Standard LaTeX file (size option)
)
\c@part=\count79
\c@section=\count80
\c@subsection=\count81
\c@subsubsection=\count82
\c@paragraph=\count83
\c@subparagraph=\count84
\c@figure=\count85
\c@table=\count86
\abovecaptionskip=\skip41
\belowcaptionskip=\skip42
\bibindent=\dimen102
)
(/sw/share/texmf-dist/tex/latex/graphics/graphicx.sty
Package: graphicx 1999/02/16 v1.0f Enhanced LaTeX Graphics (DPC,SPQR)

(/sw/share/texmf-dist/tex/latex/graphics/keyval.sty
Package: keyval 1999/03/16 v1.13 key=value parser (DPC)
\KV@toks@=\toks14
)
(/sw/share/texmf-dist/tex/latex/graphics/graphics.sty
Package: graphics 2001/07/07 v1.0n Standard LaTeX Graphics (DPC,SPQR)

(/sw/share/texmf-dist/tex/latex/graphics/trig.sty
Package: trig 1999/03/16 v1.09 sin cos tan (DPC)
)
(/sw/share/texmf-dist/tex/latex/graphics/graphics.cfg
File: graphics.cfg 2005/02/03 v1.3 graphics configuration of teTeX/TeXLive
)
Package graphics Info: Driver file: pdftex.def on input line 80.

(/sw/share/texmf-dist/tex/latex/graphics/pdftex.def
File: pdftex.def 2002/06/19 v0.03k graphics/color for pdftex
\Gread@gobject=\count87
))
\Gin@req@height=\dimen103
\Gin@req@width=\dimen104
)
(/sw/share/texmf-dist/tex/latex/geometry/geometry.sty
Package: geometry 2002/07/08 v3.2 Page Geometry
\Gm@cnth=\count88
\Gm@cntv=\count89
\c@Gm@tempcnt=\count90
\Gm@bindingoffset=\dimen105
\Gm@wd@mp=\dimen106
\Gm@odd@mp=\dimen107
\Gm@even@mp=\dimen108
\Gm@dimlist=\toks15

(/sw/share/texmf-dist/tex/latex/geometry/geometry.cfg))
(/sw/share/texmf-dist/tex/latex/base/ifthen.sty
Package: ifthen 2001/05/26 v1.1c Standard LaTeX ifthen package (DPC)
)
(/sw/share/texmf-dist/tex/latex/cite/cite.sty
LaTeX Info: Redefining \cite on input line 149.
LaTeX Info: Redefining \nocite on input line 214.
Package: cite 2003/11/04  v 4.01
))
(/sw/share/texmf-dist/tex/latex/tools/xspace.sty
Package: xspace 1997/10/13 v1.06 Space after command names (DPC)
)
(/sw/share/texmf-dist/tex/latex/psnfss/times.sty
Package: times 2004/09/15 PSNFSS-v9.2 (SPQR) 
)
(/sw/share/texmf-dist/tex/latex/hyperref/hyperref.sty
Package: hyperref 2003/11/30 v6.74m Hypertext links for LaTeX
\@linkdim=\dimen109
\Hy@linkcounter=\count91
\Hy@pagecounter=\count92

(/sw/share/texmf-dist/tex/latex/hyperref/pd1enc.def
File: pd1enc.def 2003/11/30 v6.74m Hyperref: PDFDocEncoding definition (HO)
)
(/sw/share/texmf-dist/tex/latex/hyperref/hyperref.cfg
File: hyperref.cfg 2002/06/06 v1.2 hyperref configuration of TeXLive and teTeX
)
Package hyperref Info: Option `bookmarks' set `false' on input line 1830.
Package hyperref Info: Hyper figures OFF on input line 1880.
Package hyperref Info: Link nesting OFF on input line 1885.
Package hyperref Info: Hyper index ON on input line 1888.
Package hyperref Info: Plain pages ON on input line 1893.
Package hyperref Info: Backreferencing OFF on input line 1900.

Implicit mode ON; LaTeX internals redefined
Package hyperref Info: Bookmarks OFF on input line 2010.
(/sw/share/texmf-dist/tex/latex/url/url.sty
\Urlmuskip=\muskip10
Package: url 2004/03/15  ver 3.1  Verb mode for urls, etc.
)
LaTeX Info: Redefining \url on input line 2143.
\Fld@menulength=\count93
\Field@Width=\dimen110
\Fld@charsize=\dimen111
\Choice@toks=\toks16
\Field@toks=\toks17
Package hyperref Info: Hyper figures OFF on input line 2618.
Package hyperref Info: Link nesting OFF on input line 2623.
Package hyperref Info: Hyper index ON on input line 2626.
Package hyperref Info: backreferencing OFF on input line 2633.
Package hyperref Info: Link coloring OFF on input line 2638.
\c@Item=\count94
\c@Hfootnote=\count95
)
*hyperref using default driver hpdftex*
(/sw/share/texmf-dist/tex/latex/hyperref/hpdftex.def
File: hpdftex.def 2003/11/30 v6.74m Hyperref driver for pdfTeX

(/sw/share/texmf-dist/tex/latex/psnfss/pifont.sty
Package: pifont 2004/09/15 PSNFSS-v9.2 Pi font support (SPQR) 
LaTeX Font Info:    Try loading font information for U+pzd on input line 63.

(/sw/share/texmf-dist/tex/latex/psnfss/upzd.fd
File: upzd.fd 2001/06/04 font definitions for U/pzd.
)
LaTeX Font Info:    Try loading font information for U+psy on input line 64.

(/sw/share/texmf-dist/tex/latex/psnfss/upsy.fd
File: upsy.fd 2001/06/04 font definitions for U/psy.
))
\Fld@listcount=\count96
\@outlinefile=\write3
)
(/sw/share/texmf-dist/tex/latex/tools/varioref.sty
Package: varioref 2004/02/27 v1.4i package for extended references (FMi)
\c@vrcnt=\count97
)
(/sw/share/texmf-dist/tex/latex/amsmath/amsmath.sty
Package: amsmath 2000/07/18 v2.13 AMS math features
\@mathmargin=\skip43

For additional information on amsmath, use the `?' option.
(/sw/share/texmf-dist/tex/latex/amsmath/amstext.sty
Package: amstext 2000/06/29 v2.01

(/sw/share/texmf-dist/tex/latex/amsmath/amsgen.sty
File: amsgen.sty 1999/11/30 v2.0
\@emptytoks=\toks18
\ex@=\dimen112
))
(/sw/share/texmf-dist/tex/latex/amsmath/amsbsy.sty
Package: amsbsy 1999/11/29 v1.2d
\pmbraise@=\dimen113
)
(/sw/share/texmf-dist/tex/latex/amsmath/amsopn.sty
Package: amsopn 1999/12/14 v2.01 operator names
)
\inf@bad=\count98
LaTeX Info: Redefining \frac on input line 211.
\uproot@=\count99
\leftroot@=\count100
LaTeX Info: Redefining \overline on input line 307.
\classnum@=\count101
\DOTSCASE@=\count102
LaTeX Info: Redefining \ldots on input line 379.
LaTeX Info: Redefining \dots on input line 382.
LaTeX Info: Redefining \cdots on input line 467.
\Mathstrutbox@=\box26
\strutbox@=\box27
\big@size=\dimen114
LaTeX Font Info:    Redeclaring font encoding OML on input line 567.
LaTeX Font Info:    Redeclaring font encoding OMS on input line 568.
\macc@depth=\count103
\c@MaxMatrixCols=\count104
\dotsspace@=\muskip11
\c@parentequation=\count105
\dspbrk@lvl=\count106
\tag@help=\toks19
\row@=\count107
\column@=\count108
\maxfields@=\count109
\andhelp@=\toks20
\eqnshift@=\dimen115
\alignsep@=\dimen116
\tagshift@=\dimen117
\tagwidth@=\dimen118
\totwidth@=\dimen119
\lineht@=\dimen120
\@envbody=\toks21
\multlinegap=\skip44
\multlinetaggap=\skip45
\mathdisplay@stack=\toks22
LaTeX Info: Redefining \[ on input line 2666.
LaTeX Info: Redefining \] on input line 2667.
)
(/sw/share/texmf-dist/tex/latex/amsfonts/amssymb.sty
Package: amssymb 2002/01/22 v2.2d

(/sw/share/texmf-dist/tex/latex/amsfonts/amsfonts.sty
Package: amsfonts 2001/10/25 v2.2f
\symAMSa=\mathgroup4
\symAMSb=\mathgroup5
LaTeX Font Info:    Overwriting math alphabet `\mathfrak' in version `bold'
(Font)                  U/euf/m/n --> U/euf/b/n on input line 132.
))
\c@mynote=\count110
\c@mytheorem=\count111
\c@mycorollary=\count112
\c@myremark=\count113
\c@mylemma=\count114
\c@mydefinition=\count115
\c@myexample=\count116
\c@myalgorithm=\count117

(/sw/share/texmf/tex/latex/pgf/frontendlayer/tikz.sty
(/sw/share/texmf/tex/latex/pgf/basiclayer/pgf.sty
(/sw/share/texmf/tex/latex/pgf/utilities/pgfrcs.sty
(/sw/share/texmf/tex/generic/pgf/utilities/pgfutil-common.tex
\pgfutil@everybye=\toks23
)
(/sw/share/texmf/tex/generic/pgf/utilities/pgfutil-latex.def
(/sw/share/texmf-dist/tex/latex/ms/everyshi.sty
Package: everyshi 2001/05/15 v3.00 EveryShipout Package (MS)
))
(/sw/share/texmf/tex/generic/pgf/utilities/pgfrcs.code.tex
Package: pgfrcs 2008/05/19 v2.00-cvs (rcs-revision 1.22)
))
Package: pgf 2008/01/15 v2.00-cvs (rcs-revision 1.12)

(/sw/share/texmf/tex/latex/pgf/basiclayer/pgfcore.sty
(/sw/share/texmf/tex/latex/pgf/systemlayer/pgfsys.sty
(/sw/share/texmf/tex/generic/pgf/systemlayer/pgfsys.code.tex
Package: pgfsys 2008/09/27 v2.00-cvs (rcs-revision 1.33)

(/sw/share/texmf/tex/generic/pgf/utilities/pgfkeys.code.tex
\pgfkeys@pathtoks=\toks24
\pgfkeys@temptoks=\toks25

(/sw/share/texmf/tex/generic/pgf/utilities/pgfkeysfiltered.code.tex
\pgfkeys@tmptoks=\toks26
))
\pgf@x=\dimen121
\pgf@y=\dimen122
\pgf@xa=\dimen123
\pgf@ya=\dimen124
\pgf@xb=\dimen125
\pgf@yb=\dimen126
\pgf@xc=\dimen127
\pgf@yc=\dimen128
\w@pgf@writea=\write4
\c@pgf@counta=\count118
\c@pgf@countb=\count119
\c@pgf@countc=\count120
\c@pgf@countd=\count121

(/sw/share/texmf/tex/generic/pgf/systemlayer/pgf.cfg
File: pgf.cfg 2008/05/14  (rcs-revision 1.7)
)
Package pgfsys Info: Driver file for pgf: pgfsys-pdftex.def on input line 893.

(/sw/share/texmf/tex/generic/pgf/systemlayer/pgfsys-pdftex.def
File: pgfsys-pdftex.def 2008/09/14  (rcs-revision 1.25)

(/sw/share/texmf/tex/generic/pgf/systemlayer/pgfsys-common-pdf.def
File: pgfsys-common-pdf.def 2008/05/19  (rcs-revision 1.10)
)))
(/sw/share/texmf/tex/generic/pgf/systemlayer/pgfsyssoftpath.code.tex
File: pgfsyssoftpath.code.tex 2008/07/18  (rcs-revision 1.7)
\pgfsyssoftpath@smallbuffer@items=\count122
\pgfsyssoftpath@bigbuffer@items=\count123
)
(/sw/share/texmf/tex/generic/pgf/systemlayer/pgfsysprotocol.code.tex
File: pgfsysprotocol.code.tex 2006/10/16  (rcs-revision 1.4)
))
(/sw/share/texmf-local/tex/latex/xcolor/xcolor.sty
Package: xcolor 2007/01/21 v2.11 LaTeX color extensions (UK)

(/sw/share/texmf-dist/tex/latex/graphics/color.cfg
File: color.cfg 2005/02/03 v1.3 color configuration of teTeX/TeXLive
)
Package xcolor Info: Driver file: pdftex.def on input line 225.
Package xcolor Info: Model `cmy' substituted by `cmy0' on input line 1337.
Package xcolor Info: Model `hsb' substituted by `rgb' on input line 1341.
Package xcolor Info: Model `RGB' extended on input line 1353.
Package xcolor Info: Model `HTML' substituted by `rgb' on input line 1355.
Package xcolor Info: Model `Hsb' substituted by `hsb' on input line 1356.
Package xcolor Info: Model `tHsb' substituted by `hsb' on input line 1357.
Package xcolor Info: Model `HSB' substituted by `hsb' on input line 1358.
Package xcolor Info: Model `Gray' substituted by `gray' on input line 1359.
Package xcolor Info: Model `wave' substituted by `hsb' on input line 1360.
)
(/sw/share/texmf/tex/generic/pgf/basiclayer/pgfcore.code.tex
Package: pgfcore 2008/01/15 v2.00-cvs (rcs-revision 1.6)

(/sw/share/texmf/tex/generic/pgf/math/pgfmath.code.tex
(/sw/share/texmf/tex/generic/pgf/math/pgfmathcalc.code.tex
(/sw/share/texmf/tex/generic/pgf/math/pgfmathutil.code.tex)
(/sw/share/texmf/tex/generic/pgf/math/pgfmathparser.code.tex
\pgfmath@dimen=\dimen129
\pgfmath@count=\count124
\pgfmath@box=\box28
\pgfmath@toks=\toks27
\pgfmath@stack@operand=\toks28
\pgfmath@stack@operation=\toks29
)
(/sw/share/texmf/tex/generic/pgf/math/pgfmathfunctions.code.tex
(/sw/share/texmf/tex/generic/pgf/math/pgfmathfunctions.basic.code.tex)
(/sw/share/texmf/tex/generic/pgf/math/pgfmathfunctions.trigonometric.code.tex)
(/sw/share/texmf/tex/generic/pgf/math/pgfmathfunctions.random.code.tex)
(/sw/share/texmf/tex/generic/pgf/math/pgfmathfunctions.comparison.code.tex)
(/sw/share/texmf/tex/generic/pgf/math/pgfmathfunctions.base.code.tex)
(/sw/share/texmf/tex/generic/pgf/math/pgfmathfunctions.round.code.tex)
(/sw/share/texmf/tex/generic/pgf/math/pgfmathfunctions.misc.code.tex)))
(/sw/share/texmf/tex/generic/pgf/math/pgfmathfloat.code.tex
\c@pgfmathroundto@lastzeros=\count125
))
(/sw/share/texmf/tex/generic/pgf/basiclayer/pgfcorepoints.code.tex
File: pgfcorepoints.code.tex 2008/07/11  (rcs-revision 1.18)
\pgf@picminx=\dimen130
\pgf@picmaxx=\dimen131
\pgf@picminy=\dimen132
\pgf@picmaxy=\dimen133
\pgf@pathminx=\dimen134
\pgf@pathmaxx=\dimen135
\pgf@pathminy=\dimen136
\pgf@pathmaxy=\dimen137
\pgf@xx=\dimen138
\pgf@xy=\dimen139
\pgf@yx=\dimen140
\pgf@yy=\dimen141
\pgf@zx=\dimen142
\pgf@zy=\dimen143
)
(/sw/share/texmf/tex/generic/pgf/basiclayer/pgfcorepathconstruct.code.tex
File: pgfcorepathconstruct.code.tex 2009/01/22  (rcs-revision 1.21)
\pgf@path@lastx=\dimen144
\pgf@path@lasty=\dimen145
)
(/sw/share/texmf/tex/generic/pgf/basiclayer/pgfcorepathusage.code.tex
File: pgfcorepathusage.code.tex 2008/04/22  (rcs-revision 1.12)
\pgf@shorten@end@additional=\dimen146
\pgf@shorten@start@additional=\dimen147
)
(/sw/share/texmf/tex/generic/pgf/basiclayer/pgfcorescopes.code.tex
File: pgfcorescopes.code.tex 2008/03/03  (rcs-revision 1.27)
\pgfpic=\box29
\pgf@hbox=\box30
\pgf@layerbox@main=\box31
\pgf@picture@serial@count=\count126
)
(/sw/share/texmf/tex/generic/pgf/basiclayer/pgfcoregraphicstate.code.tex
File: pgfcoregraphicstate.code.tex 2008/04/22  (rcs-revision 1.9)
\pgflinewidth=\dimen148
)
(/sw/share/texmf/tex/generic/pgf/basiclayer/pgfcoretransformations.code.tex
File: pgfcoretransformations.code.tex 2008/02/04  (rcs-revision 1.10)
\pgf@pt@x=\dimen149
\pgf@pt@y=\dimen150
\pgf@pt@temp=\dimen151
)
(/sw/share/texmf/tex/generic/pgf/basiclayer/pgfcorequick.code.tex
File: pgfcorequick.code.tex 2008/10/09  (rcs-revision 1.3)
)
(/sw/share/texmf/tex/generic/pgf/basiclayer/pgfcoreobjects.code.tex
File: pgfcoreobjects.code.tex 2006/10/11  (rcs-revision 1.2)
)
(/sw/share/texmf/tex/generic/pgf/basiclayer/pgfcorepathprocessing.code.tex
File: pgfcorepathprocessing.code.tex 2008/10/09  (rcs-revision 1.8)
)
(/sw/share/texmf/tex/generic/pgf/basiclayer/pgfcorearrows.code.tex
File: pgfcorearrows.code.tex 2008/04/23  (rcs-revision 1.11)
)
(/sw/share/texmf/tex/generic/pgf/basiclayer/pgfcoreshade.code.tex
File: pgfcoreshade.code.tex 2008/11/23  (rcs-revision 1.13)
\pgf@max=\dimen152
\pgf@sys@shading@range@num=\count127
)
(/sw/share/texmf/tex/generic/pgf/basiclayer/pgfcoreimage.code.tex
File: pgfcoreimage.code.tex 2008/11/28  (rcs-revision 1.6)
\pgfexternal@startupbox=\box32
)
(/sw/share/texmf/tex/generic/pgf/basiclayer/pgfcorelayers.code.tex
File: pgfcorelayers.code.tex 2008/01/15  (rcs-revision 1.1)
)
(/sw/share/texmf/tex/generic/pgf/basiclayer/pgfcoretransparency.code.tex
File: pgfcoretransparency.code.tex 2008/01/17  (rcs-revision 1.2)
)
(/sw/share/texmf/tex/generic/pgf/basiclayer/pgfcorepatterns.code.tex
File: pgfcorepatterns.code.tex 2008/03/19  (rcs-revision 1.2)
)))
(/sw/share/texmf/tex/generic/pgf/modules/pgfmoduleshapes.code.tex
File: pgfmoduleshapes.code.tex 2008/11/13  (rcs-revision 1.6)
\pgfnodeparttextbox=\box33
)
(/sw/share/texmf/tex/generic/pgf/modules/pgfmoduleplot.code.tex
File: pgfmoduleplot.code.tex 2008/09/27  (rcs-revision 1.2)
)
(/sw/share/texmf/tex/latex/pgf/compatibility/pgfcomp-version-0-65.sty
Package: pgfcomp-version-0-65 2007/07/03 v2.00-cvs (rcs-revision 1.7)
\pgf@nodesepstart=\dimen153
\pgf@nodesepend=\dimen154
)
(/sw/share/texmf/tex/latex/pgf/compatibility/pgfcomp-version-1-18.sty
Package: pgfcomp-version-1-18 2007/07/23 v2.00-cvs (rcs-revision 1.1)
))
(/sw/share/texmf/tex/latex/pgf/utilities/pgffor.sty
(/sw/share/texmf/tex/generic/pgf/utilities/pgffor.code.tex
Package: pgffor 2008/08/31 v2.00-cvs (rcs-revision 1.15)
\pgffor@iter=\dimen155
\pgffor@skip=\dimen156
))
(/sw/share/texmf/tex/generic/pgf/frontendlayer/tikz/tikz.code.tex
Package: tikz 2009/01/24 v2.00-cvs (rcs-revision 1.59)

(/sw/share/texmf/tex/generic/pgf/libraries/pgflibraryplothandlers.code.tex
File: pgflibraryplothandlers.code.tex 2008/05/22 v2.00-cvs (rcs-revision 1.13)
\pgf@plot@mark@count=\count128
\pgfplotmarksize=\dimen157
)
\tikz@lastx=\dimen158
\tikz@lasty=\dimen159
\tikz@lastxsaved=\dimen160
\tikz@lastysaved=\dimen161
\tikzleveldistance=\dimen162
\tikzsiblingdistance=\dimen163
\tikz@figbox=\box34
\tikz@tempbox=\box35
\tikztreelevel=\count129
\tikznumberofchildren=\count130
\tikznumberofcurrentchild=\count131
\tikz@fig@count=\count132

(/sw/share/texmf/tex/generic/pgf/modules/pgfmodulematrix.code.tex
File: pgfmodulematrix.code.tex 2008/11/24  (rcs-revision 1.3)
\pgfmatrixcurrentrow=\count133
\pgfmatrixcurrentcolumn=\count134
\pgf@matrix@numberofcolumns=\count135
)
\tikz@expandcount=\count136

(/sw/share/texmf/tex/generic/pgf/frontendlayer/tikz/libraries/tikzlibrarytopath
s.code.tex
File: tikzlibrarytopaths.code.tex 2008/06/17 v2.00-cvs (rcs-revision 1.2)
)))
(/sw/share/texmf/tex/generic/pgf/frontendlayer/tikz/libraries/tikzlibraryshapes
.code.tex
File: tikzlibraryshapes.code.tex 2008/01/09 v2.00-cvs (rcs-revision 1.1)

(/sw/share/texmf/tex/generic/pgf/frontendlayer/tikz/libraries/tikzlibraryshapes
.geometric.code.tex
File: tikzlibraryshapes.geometric.code.tex 2008/01/09 v2.00-cvs (rcs-revision 1
.1)

(/sw/share/texmf/tex/generic/pgf/libraries/pgflibraryshapes.geometric.code.tex
File: pgflibraryshapes.geometric.code.tex 2008/02/01 v2.00-cvs (rcs-revision 1.
22)
))
(/sw/share/texmf/tex/generic/pgf/frontendlayer/tikz/libraries/tikzlibraryshapes
.misc.code.tex
File: tikzlibraryshapes.misc.code.tex 2008/01/09 v2.00-cvs (rcs-revision 1.1)

(/sw/share/texmf/tex/generic/pgf/libraries/pgflibraryshapes.misc.code.tex
File: pgflibraryshapes.misc.code.tex 2008/02/12 v2.00-cvs (rcs-revision 1.10)
))
(/sw/share/texmf/tex/generic/pgf/frontendlayer/tikz/libraries/tikzlibraryshapes
.symbols.code.tex
File: tikzlibraryshapes.symbols.code.tex 2008/01/09 v2.00-cvs (rcs-revision 1.1
)

(/sw/share/texmf/tex/generic/pgf/libraries/pgflibraryshapes.symbols.code.tex
File: pgflibraryshapes.symbols.code.tex 2008/01/30 v2.00-cvs (rcs-revision 1.13
)
))
(/sw/share/texmf/tex/generic/pgf/frontendlayer/tikz/libraries/tikzlibraryshapes
.arrows.code.tex
File: tikzlibraryshapes.arrows.code.tex 2008/01/09 v2.00-cvs (rcs-revision 1.1)


(/sw/share/texmf/tex/generic/pgf/libraries/pgflibraryshapes.arrows.code.tex
File: pgflibraryshapes.arrows.code.tex 2007/11/10 v2.00-cvs (rcs-revision 1.3)
))
(/sw/share/texmf/tex/generic/pgf/frontendlayer/tikz/libraries/tikzlibraryshapes
.callouts.code.tex
(/sw/share/texmf/tex/generic/pgf/libraries/pgflibraryshapes.callouts.code.tex))

(/sw/share/texmf/tex/generic/pgf/frontendlayer/tikz/libraries/tikzlibraryshapes
.multipart.code.tex
File: tikzlibraryshapes.multipart.code.tex 2008/01/09 v2.00-cvs (rcs-revision 1
.1)

(/sw/share/texmf/tex/generic/pgf/libraries/pgflibraryshapes.multipart.code.tex
File: pgflibraryshapes.multipart.code.tex 2008/01/15 v2.00-cvs (rcs-revision 1.
7)
\pgfnodepartlowerbox=\box36
\pgfnodepartsecondbox=\box37
\pgfnodepartthirdbox=\box38
\pgfnodepartfourthbox=\box39
)))
(/sw/share/texmf/tex/generic/pgf/frontendlayer/tikz/libraries/tikzlibraryarrows
.code.tex
File: tikzlibraryarrows.code.tex 2008/01/09 v2.00-cvs (rcs-revision 1.1)
 (/sw/share/texmf/tex/generic/pgf/libraries/pgflibraryarrows.code.tex
File: pgflibraryarrows.code.tex 2008/10/27 v2.00-cvs (rcs-revision 1.9)
\arrowsize=\dimen164
))
(/sw/share/texmf/tex/generic/pgf/frontendlayer/tikz/libraries/tikzlibrarydecora
tions.pathmorphing.code.tex
(/sw/share/texmf/tex/generic/pgf/frontendlayer/tikz/libraries/tikzlibrarydecora
tions.code.tex
(/sw/share/texmf/tex/generic/pgf/modules/pgfmoduledecorations.code.tex
\pgfdecoratedcompleteddistance=\dimen165
\pgfdecoratedremainingdistance=\dimen166
\pgfdecoratedinputsegmentcompleteddistance=\dimen167
\pgfdecoratedinputsegmentremainingdistance=\dimen168
\pgf@decorate@distancetomove=\dimen169
\pgf@decorate@repeatstate=\count137
\pgfdecorationsegmentamplitude=\dimen170
\pgfdecorationsegmentlength=\dimen171
)
\tikz@lib@dec@box=\box40
)
(/sw/share/texmf/tex/generic/pgf/libraries/pgflibrarydecorations.pathmorphing.c
ode.tex))
(/sw/share/texmf/tex/generic/pgf/frontendlayer/tikz/libraries/tikzlibrarybackgr
ounds.code.tex
File: tikzlibrarybackgrounds.code.tex 2008/01/09 v2.00-cvs (rcs-revision 1.1)
\pgf@layerbox@background=\box41
\pgf@layerboxsaved@background=\box42
)
(/sw/share/texmf/tex/generic/pgf/frontendlayer/tikz/libraries/tikzlibrarypositi
oning.code.tex
File: tikzlibrarypositioning.code.tex 2008/10/06 v2.00-cvs (rcs-revision 1.7)
)
(/sw/share/texmf/tex/generic/pgf/frontendlayer/tikz/libraries/tikzlibraryfit.co
de.tex
File: tikzlibraryfit.code.tex 2008/06/21 v2.00-cvs (rcs-revision 1.3)
) (/sw/share/texmf/tex/latex/misc/algorithm.sty
Package: algorithm 

Document Style `algorithm' - floating environment
(/sw/share/texmf-dist/tex/latex/float/float.sty
Package: float 2001/11/08 v1.3d Float enhancements (AL)
\c@float@type=\count138
\float@exts=\toks30
\float@box=\box43
\@float@everytoks=\toks31
\@floatcapt=\box44
)
\@float@every@algorithm=\toks32
\c@algorithm=\count139
)
(/sw/share/texmf/tex/latex/misc/algorithmic.sty
Package: algorithmic 2006/06/02

Document Style `algorithmic' - environment
(/sw/share/texmf-dist/tex/latex/tools/calc.sty
Package: calc 1998/07/07 v4.1b Infix arithmetic (KKT,FJ)
\calc@Acount=\count140
\calc@Bcount=\count141
\calc@Adimen=\dimen172
\calc@Bdimen=\dimen173
\calc@Askip=\skip46
\calc@Bskip=\skip47
LaTeX Info: Redefining \setlength on input line 59.
LaTeX Info: Redefining \addtolength on input line 60.
\calc@denominator=\count142
)
\c@ALC@line=\count143
\c@ALC@rem=\count144
\c@ALC@depth=\count145
\ALC@tlm=\skip48
\algorithmicindent=\skip49
) (./cr-evmdds.aux)
\openout1 = `cr-evmdds.aux'.

LaTeX Font Info:    Checking defaults for OML/cmm/m/it on input line 134.
LaTeX Font Info:    ... okay on input line 134.
LaTeX Font Info:    Checking defaults for T1/cmr/m/n on input line 134.
LaTeX Font Info:    ... okay on input line 134.
LaTeX Font Info:    Checking defaults for OT1/cmr/m/n on input line 134.
LaTeX Font Info:    ... okay on input line 134.
LaTeX Font Info:    Checking defaults for OMS/cmsy/m/n on input line 134.
LaTeX Font Info:    ... okay on input line 134.
LaTeX Font Info:    Checking defaults for OMX/cmex/m/n on input line 134.
LaTeX Font Info:    ... okay on input line 134.
LaTeX Font Info:    Checking defaults for U/cmr/m/n on input line 134.
LaTeX Font Info:    ... okay on input line 134.
LaTeX Font Info:    Checking defaults for PD1/pdf/m/n on input line 134.
LaTeX Font Info:    ... okay on input line 134.
LaTeX Font Info:    Try loading font information for OT1+ptm on input line 134.


(/sw/share/texmf-dist/tex/latex/psnfss/ot1ptm.fd
File: ot1ptm.fd 2001/06/04 font definitions for OT1/ptm.
)
(/sw/share/texmf-dist/tex/context/base/supp-pdf.tex
(/sw/share/texmf-dist/tex/context/base/supp-mis.tex
loading : Context Support Macros / Miscellaneous (2004.10.26)
\protectiondepth=\count146
\scratchcounter=\count147
\scratchtoks=\toks33
\scratchdimen=\dimen174
\scratchskip=\skip50
\scratchmuskip=\muskip12
\scratchbox=\box45
\scratchread=\read1
\scratchwrite=\write5
\zeropoint=\dimen175
\onepoint=\dimen176
\onebasepoint=\dimen177
\minusone=\count148
\thousandpoint=\dimen178
\onerealpoint=\dimen179
\emptytoks=\toks34
\nextbox=\box46
\nextdepth=\dimen180
\everyline=\toks35
\!!counta=\count149
\!!countb=\count150
\recursecounter=\count151
)
loading : Context Support Macros / PDF (2004.03.26)
\nofMPsegments=\count152
\nofMParguments=\count153
\MPscratchCnt=\count154
\MPscratchDim=\dimen181
\MPnumerator=\count155
\everyMPtoPDFconversion=\toks36
)
-------------------- Geometry parameters
paper: letterpaper
landscape: --
twocolumn: --
twoside: true
asymmetric: --
h-parts: 72.26999pt, 469.75502pt, 72.26999pt
v-parts: 81.30374pt, 659.46375pt, 54.2025pt
hmarginratio: --
vmarginratio: --
lines: --
heightrounded: --
bindingoffset: 0.0pt
truedimen: --
includehead: --
includefoot: --
includemp: --
driver: pdftex
-------------------- Page layout dimensions and switches
\paperwidth  614.295pt
\paperheight 794.96999pt
\textwidth  469.75502pt
\textheight 659.46375pt
\oddsidemargin  0.0pt
\evensidemargin 0.0pt
\topmargin  9.03375pt
\headheight 0.0pt
\headsep    0.0pt
\footskip   0.0pt
\marginparwidth 121.0pt
\marginparsep   11.0pt
\columnsep  10.0pt
\skip\footins  9.0pt plus 4.0pt minus 2.0pt
\hoffset 0.0pt
\voffset 0.0pt
\mag 1000
\@twosidetrue \@mparswitchtrue 
(1in=72.27pt, 1cm=28.45pt)
-----------------------
 <nasalogo.pdf, id=8, 188.705pt x 155.58125pt>
File: nasalogo.pdf Graphic file (type pdf)
 <use nasalogo.pdf>
LaTeX Font Info:    Font shape `OT1/ptm/bx/n' in size <24.88> not available
(Font)              Font shape `OT1/ptm/b/n' tried instead on input line 134.
Missing character: There is no Ã in font ptmri7t!
Missing character: There is no © in font ptmri7t!

! Undefined control sequence.
\set@color ->\pdfliteral {\current@color 
                                         }\aftergroup \reset@color 
\@outputpage ...t {\vfil \color@hbox \normalcolor 
                                                  \hb@xt@ \textwidth {\@theh...

\@opcol ...lumn \@outputdblcol \else \@outputpage 
                                                  \fi \global \@mparbottom \...
<output> ...specialoutput \else \@makecol \@opcol 
                                                  \@startcolumn \@whilesw \i...

\newpage ...erypar {}\fi \par \vfil \penalty -\@M 
                                                  
\@begindocumenthook ...hlong \ \NC@year }\newpage 
                                                  \raggedbottom \begin {twel...

\document ...ent \@firstofone \@begindocumenthook 
                                                  \ifdim \topskip <1sp\globa...
l.134 \begin{document}
                      
? 
! Undefined control sequence.
\set@color ->\pdfliteral {\current@color 
                                         }\aftergroup \reset@color 
\@outputpage ...footskip \color@hbox \normalcolor 
                                                  \hb@xt@ \textwidth {\@thef...

\@opcol ...lumn \@outputdblcol \else \@outputpage 
                                                  \fi \global \@mparbottom \...
<output> ...specialoutput \else \@makecol \@opcol 
                                                  \@startcolumn \@whilesw \i...

\newpage ...erypar {}\fi \par \vfil \penalty -\@M 
                                                  
\@begindocumenthook ...hlong \ \NC@year }\newpage 
                                                  \raggedbottom \begin {twel...

\document ...ent \@firstofone \@begindocumenthook 
                                                  \ifdim \topskip <1sp\globa...
l.134 \begin{document}
                      
? 
[-3

{/sw/var/lib/texmf/fonts/map/pdftex/updmap/pdftex.map} <./nasalogo.pdf>]
\originalbaselineskip=\skip51

! Undefined control sequence.
\set@color ->\pdfliteral {\current@color 
                                         }\aftergroup \reset@color 
\@topnewpage ...@currbox \color@vbox \normalcolor 
                                                  \vbox {\hsize \textwidth \...

\@begindocumenthook ...ots \ in Profile\vskip 2em]
                                                   \par Since its founding, ...

\document ...ent \@firstofone \@begindocumenthook 
                                                  \ifdim \topskip <1sp\globa...
l.134 \begin{document}
                      
? 
LaTeX Font Info:    Try loading font information for U+msa on input line 134.
(/sw/share/texmf-dist/tex/latex/amsfonts/umsa.fd
File: umsa.fd 2002/01/19 v2.2g AMS font definitions
)
LaTeX Font Info:    Try loading font information for U+msb on input line 134.

(/sw/share/texmf-dist/tex/latex/amsfonts/umsb.fd
File: umsb.fd 2002/01/19 v2.2g AMS font definitions
)
LaTeX Font Info:    Font shape `OT1/ptm/bx/n' in size <10.95> not available
(Font)              Font shape `OT1/ptm/b/n' tried instead on input line 134.
LaTeX Font Info:    Font shape `OT1/ptm/bx/it' in size <10.95> not available
(Font)              Font shape `OT1/ptm/b/it' tried instead on input line 134.
LaTeX Font Info:    Font shape `OT1/ptm/bx/it' in size <10> not available
(Font)              Font shape `OT1/ptm/b/it' tried instead on input line 134.

! Undefined control sequence.
\set@color ->\pdfliteral {\current@color 
                                         }\aftergroup \reset@color 
\@outputdblcol ...olumn \hss }\hfil {\normalcolor 
                                                  \vrule \@width \columnsepr...

\@opcol ->\if@twocolumn \@outputdblcol 
                                       \else \@outputpage \fi \global \@mpar...
<output> ...specialoutput \else \@makecol \@opcol 
                                                  \@startcolumn \@whilesw \i...

\newpage ...erypar {}\fi \par \vfil \penalty -\@M 
                                                  
\clearpage ...opskip \hbox {}\fi \fi \fi \newpage 
                                                  \write \m@ne {}\vbox {}\pe...

\onecolumn ->\clearpage 
                        \global \columnwidth \textwidth \global \hsize \colu...

\@begindocumenthook ...ptsmall} \vfill \onecolumn 
                                                  \setlength {\parskip }{0pt...

\document ...ent \@firstofone \@begindocumenthook 
                                                  \ifdim \topskip <1sp\globa...
l.134 \begin{document}
                      
? 
! Undefined control sequence.
\set@color ->\pdfliteral {\current@color 
                                         }\aftergroup \reset@color 
\@outputpage ...t {\vfil \color@hbox \normalcolor 
                                                  \hb@xt@ \textwidth {\@theh...

\@outputdblcol ...\@combinedblfloats \@outputpage 
                                                  \begingroup \@dblfloatplac...

\@opcol ->\if@twocolumn \@outputdblcol 
                                       \else \@outputpage \fi \global \@mpar...
<output> ...specialoutput \else \@makecol \@opcol 
                                                  \@startcolumn \@whilesw \i...

\newpage ...erypar {}\fi \par \vfil \penalty -\@M 
                                                  
\clearpage ...opskip \hbox {}\fi \fi \fi \newpage 
                                                  \write \m@ne {}\vbox {}\pe...

\onecolumn ->\clearpage 
                        \global \columnwidth \textwidth \global \hsize \colu...

\@begindocumenthook ...ptsmall} \vfill \onecolumn 
                                                  \setlength {\parskip }{0pt...

\document ...ent \@firstofone \@begindocumenthook 
                                                  \ifdim \topskip <1sp\globa...
l.134 \begin{document}
                      
? 
! Undefined control sequence.
\set@color ->\pdfliteral {\current@color 
                                         }\aftergroup \reset@color 
\@outputpage ...footskip \color@hbox \normalcolor 
                                                  \hb@xt@ \textwidth {\@thef...

\@outputdblcol ...\@combinedblfloats \@outputpage 
                                                  \begingroup \@dblfloatplac...

\@opcol ->\if@twocolumn \@outputdblcol 
                                       \else \@outputpage \fi \global \@mpar...
<output> ...specialoutput \else \@makecol \@opcol 
                                                  \@startcolumn \@whilesw \i...

\newpage ...erypar {}\fi \par \vfil \penalty -\@M 
                                                  
\clearpage ...opskip \hbox {}\fi \fi \fi \newpage 
                                                  \write \m@ne {}\vbox {}\pe...

\onecolumn ->\clearpage 
                        \global \columnwidth \textwidth \global \hsize \colu...

\@begindocumenthook ...ptsmall} \vfill \onecolumn 
                                                  \setlength {\parskip }{0pt...

\document ...ent \@firstofone \@begindocumenthook 
                                                  \ifdim \topskip <1sp\globa...
l.134 \begin{document}
                      
? 
[-2

]
File: nasalogo.pdf Graphic file (type pdf)
 <use nasalogo.pdf>
Missing character: There is no Ã in font ptmri7t!
Missing character: There is no © in font ptmri7t!

! Undefined control sequence.
\set@color ->\pdfliteral {\current@color 
                                         }\aftergroup \reset@color 
\@outputpage ...t {\vfil \color@hbox \normalcolor 
                                                  \hb@xt@ \textwidth {\@theh...

\@opcol ...lumn \@outputdblcol \else \@outputpage 
                                                  \fi \global \@mparbottom \...
<output> ...specialoutput \else \@makecol \@opcol 
                                                  \@startcolumn \@whilesw \i...

\newpage ...erypar {}\fi \par \vfil \penalty -\@M 
                                                  
\@begindocumenthook ...hlong \ \NC@year }\newpage 
                                                  \raggedright \raggedbottom...

\document ...ent \@firstofone \@begindocumenthook 
                                                  \ifdim \topskip <1sp\globa...
l.134 \begin{document}
                      
? 
! Undefined control sequence.
\set@color ->\pdfliteral {\current@color 
                                         }\aftergroup \reset@color 
\@outputpage ...footskip \color@hbox \normalcolor 
                                                  \hb@xt@ \textwidth {\@thef...

\@opcol ...lumn \@outputdblcol \else \@outputpage 
                                                  \fi \global \@mparbottom \...
<output> ...specialoutput \else \@makecol \@opcol 
                                                  \@startcolumn \@whilesw \i...

\newpage ...erypar {}\fi \par \vfil \penalty -\@M 
                                                  
\@begindocumenthook ...hlong \ \NC@year }\newpage 
                                                  \raggedright \raggedbottom...

\document ...ent \@firstofone \@begindocumenthook 
                                                  \ifdim \topskip <1sp\globa...
l.134 \begin{document}
                      
? 
[-1

]
\noticeboxwidth=\skip52

! Undefined control sequence.
\set@color ->\pdfliteral {\current@color 
                                         }\aftergroup \reset@color 
\@outputpage ...t {\vfil \color@hbox \normalcolor 
                                                  \hb@xt@ \textwidth {\@theh...

\@opcol ...lumn \@outputdblcol \else \@outputpage 
                                                  \fi \global \@mparbottom \...
<output> ...specialoutput \else \@makecol \@opcol 
                                                  \@startcolumn \@whilesw \i...

\newpage ...erypar {}\fi \par \vfil \penalty -\@M 
                                                  
\@begindocumenthook ...nd {document} \fi \newpage 
                                                  \fi \changepage {-0.5in}{-...

\document ...ent \@firstofone \@begindocumenthook 
                                                  \ifdim \topskip <1sp\globa...
l.134 \begin{document}
                      
? 
! Undefined control sequence.
\set@color ->\pdfliteral {\current@color 
                                         }\aftergroup \reset@color 
\@outputpage ...footskip \color@hbox \normalcolor 
                                                  \hb@xt@ \textwidth {\@thef...

\@opcol ...lumn \@outputdblcol \else \@outputpage 
                                                  \fi \global \@mparbottom \...
<output> ...specialoutput \else \@makecol \@opcol 
                                                  \@startcolumn \@whilesw \i...

\newpage ...erypar {}\fi \par \vfil \penalty -\@M 
                                                  
\@begindocumenthook ...nd {document} \fi \newpage 
                                                  \fi \changepage {-0.5in}{-...

\document ...ent \@firstofone \@begindocumenthook 
                                                  \ifdim \topskip <1sp\globa...
l.134 \begin{document}
                      
? 
[0]
LaTeX Font Info:    Font shape `OT1/ptm/bx/n' in size <14.4> not available
(Font)              Font shape `OT1/ptm/b/n' tried instead on input line 134.
Package hyperref Info: Link coloring OFF on input line 134.
 (/sw/share/texmf-dist/tex/latex/hyperref/nameref.sty
Package: nameref 2003/12/03 v2.21 Cross-referencing by name of section
\c@section@level=\count156
)
LaTeX Info: Redefining \ref on input line 134.
LaTeX Info: Redefining \pageref on input line 134.

ABD: EveryShipout initializing macros

Package hyperref Warning: No destination for bookmark of \addcontentsline,
(hyperref)                destination is added on input line 137.

LaTeX Font Info:    Font shape `OT1/ptm/bx/n' in size <10> not available
(Font)              Font shape `OT1/ptm/b/n' tried instead on input line 139.

LaTeX Warning: Citation `Bryant1986' on page 1 undefined on input line 139.


LaTeX Warning: Citation `Somenzi1993' on page 1 undefined on input line 142.


LaTeX Warning: Citation `Clarke1995' on page 1 undefined on input line 143.


LaTeX Warning: Citation `Lai1992' on page 1 undefined on input line 151.


LaTeX Warning: Citation `Lai1996' on page 1 undefined on input line 151.


LaTeX Warning: Citation `Bryant1994' on page 1 undefined on input line 157.


LaTeX Warning: Citation `FMCAD2002' on page 1 undefined on input line 163.


LaTeX Warning: Citation `Kam1998' on page 1 undefined on input line 164.

LaTeX Font Info:    Font shape `OT1/ptm/bx/n' in size <12> not available
(Font)              Font shape `OT1/ptm/b/n' tried instead on input line 177.
[1]

LaTeX Warning: Citation `Saturation2001' on page 2 undefined on input line 212.



Overfull \hbox (6.3422pt too wide) in paragraph at lines 265--267
[]\OT1/ptm/m/n/10 As al-ready men-tioned, we only con-sider or-dered EVMDDs. Th
e canon-ic-ity of un-ordered EVMDD
 []


LaTeX Warning: Reference `figure-reduced' on page 2 undefined on input line 274
.

[2] (./tikz-evmdd-example-reduced.tex

! Package pgfkeys Error: I do not know the key '/tikz/rectangle split horizonta
l' and I am going to ignore it. Perhaps you misspelled it.

See the pgfkeys package documentation for explanation.
Type  H <return>  for immediate help.
 ...                                              
                                                  
\GenericError  ...                                
                                                  \endgroup 
\pgfkeysifdefined ...ifcsname pgfk@#1\endcsname #2
                                                  \else #3\fi 
\pgfkeys@unpack ...pgfeov \else \pgfkeys@case@one 
                                                  \fi \fi 
\pgfkeys@normal ...\pgfkeysnovalue =\pgfkeys@stop 
                                                  \pgfkeys@parse 
\pgfkeys@@set ... \pgfkeys@root \pgfkeys@parse #2,
                                                  \pgfkeys@mainstop \def \pg...
<argument> .../tikz/\tikz@key }{\pgfkeysnovalue }}
                                                  \else \edef \tikz@shape {\...

\pgf@next #1#2->#2
                  
\pgfkeys@code ...\tikz@shape {\tikz@key }\fi \fi }
                                                  \fi \fi 
\pgfkeysifdefined ...ifcsname pgfk@#1\endcsname #2
                                                  \else #3\fi 
\pgfkeysifdefined ... pgfk@#1\endcsname #2\else #3
                                                  \fi 
\pgfkeysifdefined ... pgfk@#1\endcsname #2\else #3
                                                  \fi 
\pgfkeysifdefined ... pgfk@#1\endcsname #2\else #3
                                                  \fi 
\pgfkeys@unpack ...pgfeov \else \pgfkeys@case@one 
                                                  \fi \fi 
\pgfkeys@normal ...\pgfkeysnovalue =\pgfkeys@stop 
                                                  \pgfkeys@parse 
<argument> ...e split, rectangle split horizontal,
                                                   rectangle split parts=3
\pgfkeysalso #1->\pgfkeys@parse #1
                                  ,\pgfkeys@mainstop 
\pgfkeysifdefined ...ifcsname pgfk@#1\endcsname #2
                                                  \else #3\fi 
\pgfkeys@unpack ...pgfeov \else \pgfkeys@case@one 
                                                  \fi \fi 
\pgfkeys@normal ...\pgfkeysnovalue =\pgfkeys@stop 
                                                  \pgfkeys@parse 
\pgfkeys@@qset ...aultpath {#2/}\pgfkeys@parse #3,
                                                  \pgfkeys@mainstop \def \pg...

\tikz@fig@scan@options [#1]->\tikzset {#1}
                                          \tikz@@scan@fig 
l.7     \node [mdd node=3]
                              (l2n0)     at ( 0, 2) {$x_2$\nodepart{two}0\no...

? 
! Missing number, treated as zero.
<to be read again> 
                   \pgfnodeparttwobox 
\tikz@fig@continue ...nodepart@name box\endcsname 
                                                  =\hbox \bgroup \tikzset {e...
<to be read again> 
                   \relax 
<to be read again> 
                   0
l.7 ...(l2n0)     at ( 0, 2) {$x_2$\nodepart{two}0
                                                  \nodepart{three}1};
? 
! A <box> was supposed to be here.
<to be read again> 
                   =
\tikz@fig@continue ...odepart@name box\endcsname =
                                                  \hbox \bgroup \tikzset {ev...
<to be read again> 
                   \relax 
<to be read again> 
                   0
l.7 ...(l2n0)     at ( 0, 2) {$x_2$\nodepart{two}0
                                                  \nodepart{three}1};
? 
Missing character: There is no = in font nullfont!
! Missing number, treated as zero.
<to be read again> 
                   \pgfnodepartthreebox 
\tikz@fig@continue ...nodepart@name box\endcsname 
                                                  =\hbox \bgroup \tikzset {e...
<to be read again> 
                   \relax 
<to be read again> 
                   1
l.7 ..., 2) {$x_2$\nodepart{two}0\nodepart{three}1
                                                  };
? 
! A <box> was supposed to be here.
<to be read again> 
                   =
\tikz@fig@continue ...odepart@name box\endcsname =
                                                  \hbox \bgroup \tikzset {ev...
<to be read again> 
                   \relax 
<to be read again> 
                   1
l.7 ..., 2) {$x_2$\nodepart{two}0\nodepart{three}1
                                                  };
? 
Missing character: There is no = in font nullfont!

! Package pgfkeys Error: I do not know the key '/tikz/rectangle split horizonta
l' and I am going to ignore it. Perhaps you misspelled it.

See the pgfkeys package documentation for explanation.
Type  H <return>  for immediate help.
 ...                                              
                                                  
\GenericError  ...                                
                                                  \endgroup 
\pgfkeysifdefined ...ifcsname pgfk@#1\endcsname #2
                                                  \else #3\fi 
\pgfkeys@unpack ...pgfeov \else \pgfkeys@case@one 
                                                  \fi \fi 
\pgfkeys@normal ...\pgfkeysnovalue =\pgfkeys@stop 
                                                  \pgfkeys@parse 
\pgfkeys@@set ... \pgfkeys@root \pgfkeys@parse #2,
                                                  \pgfkeys@mainstop \def \pg...
<argument> .../tikz/\tikz@key }{\pgfkeysnovalue }}
                                                  \else \edef \tikz@shape {\...

\pgf@next #1#2->#2
                  
\pgfkeys@code ...\tikz@shape {\tikz@key }\fi \fi }
                                                  \fi \fi 
\pgfkeysifdefined ...ifcsname pgfk@#1\endcsname #2
                                                  \else #3\fi 
\pgfkeysifdefined ... pgfk@#1\endcsname #2\else #3
                                                  \fi 
\pgfkeysifdefined ... pgfk@#1\endcsname #2\else #3
                                                  \fi 
\pgfkeysifdefined ... pgfk@#1\endcsname #2\else #3
                                                  \fi 
\pgfkeys@unpack ...pgfeov \else \pgfkeys@case@one 
                                                  \fi \fi 
\pgfkeys@normal ...\pgfkeysnovalue =\pgfkeys@stop 
                                                  \pgfkeys@parse 
<argument> ...e split, rectangle split horizontal,
                                                   rectangle split parts=3
\pgfkeysalso #1->\pgfkeys@parse #1
                                  ,\pgfkeys@mainstop 
\pgfkeysifdefined ...ifcsname pgfk@#1\endcsname #2
                                                  \else #3\fi 
\pgfkeys@unpack ...pgfeov \else \pgfkeys@case@one 
                                                  \fi \fi 
\pgfkeys@normal ...\pgfkeysnovalue =\pgfkeys@stop 
                                                  \pgfkeys@parse 
\pgfkeys@@qset ...aultpath {#2/}\pgfkeys@parse #3,
                                                  \pgfkeys@mainstop \def \pg...

\tikz@fig@scan@options [#1]->\tikzset {#1}
                                          \tikz@@scan@fig 
l.8     \node [mdd node=3]
                              (l1n1)     at ( 1, 1) {$x_1$\nodepart{two}0\no...

? x
 
Here is how much of TeX's memory you used:
 14528 strings out of 94500
 273641 string characters out of 1176113
 347134 words of memory out of 1500000
 17353 multiletter control sequences out of 10000+50000
 33763 words of font info for 72 fonts, out of 1200000 for 2000
 580 hyphenation exceptions out of 8191
 56i,8n,65p,342b,896s stack positions out of 5000i,500n,6000p,200000b,5000s
PDF statistics:
 96 PDF objects out of 65536
 10 named destinations out of 20000
 28 words of extra memory for PDF output out of 65536
</sw/share/texmf-dist/fonts/type1/bluesky/cm/cmr6.pfb></sw/share/texmf-dist/fon
ts/type1/bluesky/cm/cmsy6.pfb></sw/share/texmf-dist/fonts/type1/bluesky/cm/cmmi
6.pfb></sw/share/texmf-dist/fonts/type1/public/tt2001/fmex8.pfb></sw/share/texm
f-dist/fonts/type1/bluesky/cm/cmmi8.pfb></sw/share/texmf-dist/fonts/type1/blues
ky/cm/cmsy5.pfb></sw/share/texmf-dist/fonts/type1/bluesky/cm/cmsy7.pfb></sw/sha
re/texmf-dist/fonts/type1/bluesky/cm/cmex10.pfb></sw/share/texmf-dist/fonts/typ
e1/bluesky/cm/cmmi7.pfb></sw/share/texmf-dist/fonts/type1/bluesky/cm/cmr7.pfb><
/sw/share/texmf-dist/fonts/type1/bluesky/cm/cmmi10.pfb></sw/share/texmf-dist/fo
nts/type1/bluesky/cm/cmr10.pfb></sw/share/texmf-dist/fonts/type1/bluesky/symbol
s/msbm10.pfb>{/sw/share/texmf-dist/fonts/enc/dvips/psnfss/8r.enc}</sw/share/tex
mf-dist/fonts/type1/urw/times/utmbi8a.pfb></sw/share/texmf-dist/fonts/type1/blu
esky/cm/cmsy10.pfb></sw/share/texmf-dist/fonts/type1/urw/times/utmri8a.pfb></sw
/share/texmf-dist/fonts/type1/urw/times/utmb8a.pfb></sw/share/texmf-dist/fonts/
type1/urw/times/utmr8a.pfb>
Output written on cr-evmdds.pdf (6 pages, 148792 bytes).
