This is pdfeTeX, Version 3.141592-1.21a-2.2 (Web2C 7.5.4) (format=latex 2007.12.21)  14 JAN 2011 14:51
entering extended mode
**NIA-report
(./NIA-report.tex
LaTeX2e <2003/12/01>
Babel <v3.8d> and hyphenation patterns for american, french, german, ngerman, b
ahasa, basque, bulgarian, catalan, croatian, czech, danish, dutch, esperanto, e
stonian, finnish, greek, icelandic, irish, italian, latin, magyar, norsk, polis
h, portuges, romanian, russian, serbian, slovak, slovene, spanish, swedish, tur
kish, ukrainian, nohyphenation, loaded.
(/sw/share/texmf-dist/tex/latex/seminar/seminar.cls
Document Class: seminar 1997/10/13, 1.4
Document Style: `seminar' v1.4 <1997/10/13> (tvz)
\slidewidth=\dimen102
\slideheight=\dimen103
\footheight=\dimen104
(/sw/share/texmf-dist/tex/latex/base/article.cls
Document Class: article 2004/02/16 v1.4f Standard LaTeX document class
(/sw/share/texmf-dist/tex/latex/base/size10.clo
File: size10.clo 2004/02/16 v1.4f Standard LaTeX file (size option)
)
\c@part=\count79
\c@section=\count80
\c@subsection=\count81
\c@subsubsection=\count82
\c@paragraph=\count83
\c@subparagraph=\count84
\c@figure=\count85
\c@table=\count86
\abovecaptionskip=\skip41
\belowcaptionskip=\skip42
\bibindent=\dimen105
)
(/sw/share/texmf-dist/tex/latex/seminar/sem-page.sty)
\before@document=\toks14
\after@document=\toks15
\before@enddocument=\toks16
\c@slide=\count87
\slide@count=\count88
\@slidebox=\box26
\not@slidebox=\box27
\slide@hook=\toks17
\after@slide=\toks18
\slide@footins=\insert233
\slide@listdepth=\count89
\saved@specials=\box28
\before@newslide=\toks19
\after@slidepage=\toks20
\slidesep=\skip43
\c@note=\count90
\slideframewidth=\dimen106
\slideframesep=\dimen107
\semin=\dimen108
\semcm=\dimen109
)
(/sw/share/texmf-dist/tex/latex/seminar/seminar.con) (./MASTER.tex
(/sw/share/texmf-dist/tex/latex/base/ifthen.sty
Package: ifthen 2001/05/26 v1.1c Standard LaTeX ifthen package (DPC)
)
(/sw/share/texmf-dist/tex/latex/graphics/epsfig.sty
Package: epsfig 1999/02/16 v1.7a (e)psfig emulation (SPQR)

(/sw/share/texmf-dist/tex/latex/graphics/graphicx.sty
Package: graphicx 1999/02/16 v1.0f Enhanced LaTeX Graphics (DPC,SPQR)

(/sw/share/texmf-dist/tex/latex/graphics/keyval.sty
Package: keyval 1999/03/16 v1.13 key=value parser (DPC)
\KV@toks@=\toks21
)
(/sw/share/texmf-dist/tex/latex/graphics/graphics.sty
Package: graphics 2001/07/07 v1.0n Standard LaTeX Graphics (DPC,SPQR)

(/sw/share/texmf-dist/tex/latex/graphics/trig.sty
Package: trig 1999/03/16 v1.09 sin cos tan (DPC)
)
(/sw/share/texmf-dist/tex/latex/graphics/graphics.cfg
File: graphics.cfg 2005/02/03 v1.3 graphics configuration of teTeX/TeXLive
)
Package graphics Info: Driver file: dvips.def on input line 80.

(/sw/share/texmf-dist/tex/latex/graphics/dvips.def
File: dvips.def 1999/02/16 v3.0i Driver-dependant file (DPC,SPQR)
))
\Gin@req@height=\dimen110
\Gin@req@width=\dimen111
)
\epsfxsize=\dimen112
\epsfysize=\dimen113
)
(/sw/share/texmf-dist/tex/latex/graphics/color.sty
Package: color 1999/02/16 v1.0i Standard LaTeX Color (DPC)

(/sw/share/texmf-dist/tex/latex/graphics/color.cfg
File: color.cfg 2005/02/03 v1.3 color configuration of teTeX/TeXLive
)
Package color Info: Driver file: dvips.def on input line 125.

(/sw/share/texmf-dist/tex/latex/graphics/dvipsnam.def
File: dvipsnam.def 1999/02/16 v3.0i Driver-dependant file (DPC,SPQR)
))
(/sw/share/texmf-dist/tex/latex/amsmath/amsmath.sty
Package: amsmath 2000/07/18 v2.13 AMS math features
\@mathmargin=\skip44

For additional information on amsmath, use the `?' option.
(/sw/share/texmf-dist/tex/latex/amsmath/amstext.sty
Package: amstext 2000/06/29 v2.01

(/sw/share/texmf-dist/tex/latex/amsmath/amsgen.sty
File: amsgen.sty 1999/11/30 v2.0
\@emptytoks=\toks22
\ex@=\dimen114
))
(/sw/share/texmf-dist/tex/latex/amsmath/amsbsy.sty
Package: amsbsy 1999/11/29 v1.2d
\pmbraise@=\dimen115
)
(/sw/share/texmf-dist/tex/latex/amsmath/amsopn.sty
Package: amsopn 1999/12/14 v2.01 operator names
)
\inf@bad=\count91
LaTeX Info: Redefining \frac on input line 211.
\uproot@=\count92
\leftroot@=\count93
LaTeX Info: Redefining \overline on input line 307.
\classnum@=\count94
\DOTSCASE@=\count95
LaTeX Info: Redefining \ldots on input line 379.
LaTeX Info: Redefining \dots on input line 382.
LaTeX Info: Redefining \cdots on input line 467.
\Mathstrutbox@=\box29
\strutbox@=\box30
\big@size=\dimen116
LaTeX Font Info:    Redeclaring font encoding OML on input line 567.
LaTeX Font Info:    Redeclaring font encoding OMS on input line 568.
\macc@depth=\count96
\c@MaxMatrixCols=\count97
\dotsspace@=\muskip10
\c@parentequation=\count98
\dspbrk@lvl=\count99
\tag@help=\toks23
\row@=\count100
\column@=\count101
\maxfields@=\count102
\andhelp@=\toks24
\eqnshift@=\dimen117
\alignsep@=\dimen118
\tagshift@=\dimen119
\tagwidth@=\dimen120
\totwidth@=\dimen121
\lineht@=\dimen122
\@envbody=\toks25
\multlinegap=\skip45
\multlinetaggap=\skip46
\mathdisplay@stack=\toks26
LaTeX Info: Redefining \[ on input line 2666.
LaTeX Info: Redefining \] on input line 2667.
)
(/sw/share/texmf-dist/tex/latex/amsfonts/amssymb.sty
Package: amssymb 2002/01/22 v2.2d

(/sw/share/texmf-dist/tex/latex/amsfonts/amsfonts.sty
Package: amsfonts 2001/10/25 v2.2f
\symAMSa=\mathgroup4
\symAMSb=\mathgroup5
LaTeX Font Info:    Overwriting math alphabet `\mathfrak' in version `bold'
(Font)                  U/euf/m/n --> U/euf/b/n on input line 132.
))
(/sw/share/texmf-dist/tex/latex/base/latexsym.sty
Package: latexsym 1998/08/17 v2.2e Standard LaTeX package (lasy symbols)
\symlasy=\mathgroup6
LaTeX Font Info:    Overwriting symbol font `lasy' in version `bold'
(Font)                  U/lasy/m/n --> U/lasy/b/n on input line 47.
)
(/sw/share/texmf-dist/tex/latex/float/float.sty
Package: float 2001/11/08 v1.3d Float enhancements (AL)
\c@float@type=\count103
\float@exts=\toks27
\float@box=\box31
\@float@everytoks=\toks28
\@floatcapt=\box32
)
(/sw/share/texmf-dist/tex/latex/caption/caption.sty
Package: caption 2004/07/16 v3.0c Customising captions (AS)
\captionmargin=\dimen123
\captionwidth=\dimen124
\captionindent=\dimen125
\captionparindent=\dimen126
\captionhangindent=\dimen127
Package caption Info: float package v1.2 (or newer) detected on input line 589.

)
\@float@every@MyFloatEnv=\toks29
\c@MyFloatEnv=\count104
\c@mynote=\count105
\c@mytheorem=\count106
\c@mycorollary=\count107
\c@myremark=\count108
\c@mylemma=\count109
\c@mydefinition=\count110
\c@myexample=\count111
\c@myalgorithm=\count112
\FIRSTLISTINGSPACING=\skip47
\LISTINGSPACING=\skip48
\LISTINGINDENT=\skip49
) (./SEMINAR.tex
(/sw/share/texmf-dist/tex/latex/seminar/semhelv.sty
Style Option: `semhelv' for the `seminar' doc style 1.4 <2000/05/08> (tvz)
Modified by Stefan (see source for details)
LaTeX Font Info:    Font shape `OT1/helvetica/m/n' will be
(Font)              scaled to size 8.20007pt on input line 176.
)
\PUNCHwidth=\skip50
\LISTSPACING=\skip51
)
No file NIA-report.aux.
\openout1 = `NIA-report.aux'.

LaTeX Font Info:    Checking defaults for OML/cmm/m/it on input line 30.
LaTeX Font Info:    ... okay on input line 30.
LaTeX Font Info:    Checking defaults for T1/cmr/m/n on input line 30.
LaTeX Font Info:    ... okay on input line 30.
LaTeX Font Info:    Checking defaults for OT1/cmr/m/n on input line 30.
LaTeX Font Info:    ... okay on input line 30.
LaTeX Font Info:    Checking defaults for OMS/cmsy/m/n on input line 30.
LaTeX Font Info:    ... okay on input line 30.
LaTeX Font Info:    Checking defaults for OMX/cmex/m/n on input line 30.
LaTeX Font Info:    ... okay on input line 30.
LaTeX Font Info:    Checking defaults for U/cmr/m/n on input line 30.
LaTeX Font Info:    ... okay on input line 30.
(/sw/share/texmf-dist/tex/latex/ms/ragged2e.sty
Package: ragged2e 2003/03/25 v2.04 ragged2e Package (MS)

(/sw/share/texmf-dist/tex/latex/ms/everysel.sty
Package: everysel 1999/06/08 v1.03 EverySelectfont Package (MS)
LaTeX Info: Redefining \selectfont on input line 125.
)
\CenteringLeftskip=\skip52
\RaggedLeftLeftskip=\skip53
\RaggedRightLeftskip=\skip54
\CenteringRightskip=\skip55
\RaggedLeftRightskip=\skip56
\RaggedRightRightskip=\skip57
\CenteringParfillskip=\skip58
\RaggedLeftParfillskip=\skip59
\RaggedRightParfillskip=\skip60
\JustifyingParfillskip=\skip61
\CenteringParindent=\skip62
\RaggedLeftParindent=\skip63
\RaggedRightParindent=\skip64
\JustifyingParindent=\skip65
)
LaTeX Font Info:    Font shape `OT1/helvetica/m/n' will be
(Font)              scaled to size 9.84009pt on input line 32.
LaTeX Font Info:    Font shape `OT1/helvetica/bx/n' in size <10> not available
(Font)              Font shape `OT1/helvetica/b/n' tried instead on input line 
33.
LaTeX Font Info:    Font shape `OT1/helvetica/b/n' will be
(Font)              scaled to size 8.20007pt on input line 33.
LaTeX Font Info:    Font shape `OT1/helvetica/bx/n' in size <12> not available
(Font)              Font shape `OT1/helvetica/b/n' tried instead on input line 
33.
LaTeX Font Info:    Font shape `OT1/helvetica/b/n' will be
(Font)              scaled to size 9.84009pt on input line 33.
LaTeX Font Info:    Font shape `OT1/helvetica/bx/n' in size <20.74> not availab
le
(Font)              Font shape `OT1/helvetica/b/n' tried instead on input line 
33.
LaTeX Font Info:    Font shape `OT1/helvetica/b/n' will be
(Font)              scaled to size 17.00694pt on input line 33.
LaTeX Font Info:    Try loading font information for U+msa on input line 33.

(/sw/share/texmf-dist/tex/latex/amsfonts/umsa.fd
File: umsa.fd 2002/01/19 v2.2g AMS font definitions
)
LaTeX Font Info:    Try loading font information for U+msb on input line 33.

(/sw/share/texmf-dist/tex/latex/amsfonts/umsb.fd
File: umsb.fd 2002/01/19 v2.2g AMS font definitions
)
LaTeX Font Info:    Try loading font information for U+lasy on input line 33.

(/sw/share/texmf-dist/tex/latex/base/ulasy.fd
File: ulasy.fd 1998/08/17 v2.2e LaTeX symbol font definitions
)
LaTeX Font Info:    Font shape `OT1/helvetica/bx/n' in size <14.4> not availabl
e
(Font)              Font shape `OT1/helvetica/b/n' tried instead on input line 
33.
LaTeX Font Info:    Font shape `OT1/helvetica/b/n' will be
(Font)              scaled to size 11.80809pt on input line 33.
LaTeX Font Info:    Font shape `OT1/helvetica/m/n' will be
(Font)              scaled to size 6.56006pt on input line 39.
 (./TEXT/motivation.tex
LaTeX Font Info:    Font shape `OT1/helvetica/m/n' will be
(Font)              scaled to size 5.74005pt on input line 2.

Overfull \vbox (8.0pt too high) has occurred while \output is active []


Overfull \vbox (0.3041pt too high) has occurred while \output is active []


[1


]
LaTeX Font Info:    Font shape `OT1/helvetica/m/n' will be
(Font)              scaled to size 4.10004pt on input line 2.
LaTeX Font Info:    Font shape `OT1/helvetica/m/n' will be
(Font)              scaled to size 11.80809pt on input line 2.

Overfull \hbox (6.0pt too wide) in paragraph at lines 2--3
[][][][][][] 
 []

LaTeX Font Info:    Font shape `OT1/helvetica/m/it' will be
(Font)              scaled to size 8.20007pt on input line 30.
)
Overfull \vbox (8.0pt too high) has occurred while \output is active []


Overfull \vbox (0.3041pt too high) has occurred while \output is active []


[2]
Overfull \hbox (10.55908pt too wide) in paragraph at lines 45--45
[][][][][][] 
 []

LaTeX Font Info:    Font shape `OT1/helvetica/m/n' will be
(Font)              scaled to size 17.00694pt on input line 45.
(./TEXT/dsm-def-structured.tex
Overfull \vbox (8.0pt too high) has occurred while \output is active []


Overfull \vbox (0.3041pt too high) has occurred while \output is active []


[3]
Overfull \hbox (6.0pt too wide) in paragraph at lines 2--3
[][][][][][] 
 []


Underfull \hbox (badness 10000) in paragraph at lines 6--48

 []


Underfull \hbox (badness 10000) in paragraph at lines 48--48

 []


Underfull \hbox (badness 10000) in paragraph at lines 48--48

 []

) (./TEXT/sal-locality.tex

LaTeX Warning: Slide 4 overfull by 11.92503pt on input line 2.


Overfull \vbox (4.28073pt too high) has occurred while \output is active []


Overfull \vbox (8.0pt too high) has occurred while \output is active []


Overfull \vbox (0.3041pt too high) has occurred while \output is active []


[4]
Overfull \hbox (6.0pt too wide) in paragraph at lines 2--3
[][][][][][] 
 []

LaTeX Font Info:    Font shape `OT1/courier/m/n' will be
(Font)              scaled to size 9.85pt on input line 34.

Overfull \vbox (8.0pt too high) has occurred while \output is active []


Overfull \vbox (0.3041pt too high) has occurred while \output is active []


[5]
Overfull \hbox (6.0pt too wide) in paragraph at lines 42--43
[][][][][][] 
 []

File: FIGURES/counter-example.eps Graphic file (type eps)
<FIGURES/counter-example.eps>) (./TEXT/saturation-algorithm.tex
Overfull \vbox (8.0pt too high) has occurred while \output is active []


Overfull \vbox (0.3041pt too high) has occurred while \output is active []


[6]
Overfull \hbox (6.0pt too wide) in paragraph at lines 2--3
[][][][][][] 
 []

LaTeX Font Info:    Font shape `OT1/helvetica/bx/it' in size <10> not available

(Font)              Font shape `OT1/helvetica/b/it' tried instead on input line
 4.
LaTeX Font Info:    Font shape `OT1/helvetica/b/it' will be
(Font)              scaled to size 8.20007pt on input line 4.
File: FIGURES/sat_relprod.eps Graphic file (type eps)
<FIGURES/sat_relprod.eps>
! Undefined control sequence.
<argument> ...g of $\sset _{init}$ \hfill \COFFEE 
                                                  {if $|\sset _{init}|=1$, t...
l.30 }
      
? 

Underfull \hbox (badness 10000) in paragraph at lines 30--30

 []


Underfull \hbox (badness 10000) in paragraph at lines 30--30

 []


Underfull \hbox (badness 10000) in paragraph at lines 30--30

 []


Underfull \hbox (badness 10000) in paragraph at lines 30--30

 []


Underfull \hbox (badness 10000) in paragraph at lines 30--30

 []


Overfull \vbox (8.0pt too high) has occurred while \output is active []


Overfull \vbox (0.3041pt too high) has occurred while \output is active []


[7]
Overfull \hbox (6.0pt too wide) in paragraph at lines 33--34
[][][][][][] 
 []


Underfull \hbox (badness 10000) in paragraph at lines 35--36

 []

File: FIGURES/bfs.eps Graphic file (type eps)
<FIGURES/bfs.eps>
Underfull \hbox (badness 10000) in paragraph at lines 38--39

 []

File: FIGURES/sat.eps Graphic file (type eps)
<FIGURES/sat.eps>)
Overfull \vbox (8.0pt too high) has occurred while \output is active []


Overfull \vbox (0.3041pt too high) has occurred while \output is active []


[8]
Overfull \hbox (10.55908pt too wide) in paragraph at lines 52--52
[][][][][][] 
 []

(./TEXT/sal-framework.tex
Overfull \vbox (8.0pt too high) has occurred while \output is active []


Overfull \vbox (0.3041pt too high) has occurred while \output is active []


[9]
Overfull \hbox (6.0pt too wide) in paragraph at lines 1--2
[][][][][][] 
 []

File: FIGURES/framework.eps Graphic file (type eps)
<FIGURES/framework.eps>) (./TEXT/sal-inputlang.tex

LaTeX Warning: Slide 10 overfull by 2.85138pt on input line 1.


Overfull \vbox (8.0pt too high) has occurred while \output is active []


Overfull \vbox (0.3041pt too high) has occurred while \output is active []


[10]
Overfull \hbox (6.0pt too wide) in paragraph at lines 1--2
[][][][][][] 
 []


Underfull \hbox (badness 10000) in paragraph at lines 19--19
[]\OT1/helvetica/m/n/10 Expression lan-
 []

LaTeX Font Info:    Font shape `OT1/courier/m/n' will be
(Font)              scaled to size 6.895pt on input line 27.
) (./TEXT/sal-expression.tex
Overfull \vbox (8.0pt too high) has occurred while \output is active []


Overfull \vbox (0.3041pt too high) has occurred while \output is active []


[11]
LaTeX Font Info:    Font shape `OT1/helvetica/m/n' will be
(Font)              scaled to size 4.92004pt on input line 1.
LaTeX Font Info:    Font shape `OT1/helvetica/m/it' will be
(Font)              scaled to size 4.92004pt on input line 1.
LaTeX Font Info:    Font shape `OT1/helvetica/m/it' will be
(Font)              scaled to size 6.56006pt on input line 1.

Overfull \hbox (6.0pt too wide) in paragraph at lines 1--2
[][][][][][] 
 []

LaTeX Font Info:    Try loading font information for OMS+courier on input line 
25.
LaTeX Font Info:    No file OMScourier.fd. on input line 25.

LaTeX Font Warning: Font shape `OMS/courier/m/n' undefined
(Font)              using `OMS/cmsy/m/n' instead
(Font)              for symbol `textbraceleft' on input line 25.

) (./TEXT/sal-bdd-oper.tex
Overfull \vbox (8.0pt too high) has occurred while \output is active []


Overfull \vbox (0.3041pt too high) has occurred while \output is active []


[12]
Overfull \hbox (6.0pt too wide) in paragraph at lines 1--2
[][][][][][] 
 []

File: FIGURES/Full-adder.eps Graphic file (type eps)
<FIGURES/Full-adder.eps>) (./TEXT/evmdd.tex
Overfull \vbox (8.0pt too high) has occurred while \output is active []


Overfull \vbox (0.3041pt too high) has occurred while \output is active []


[13]
Overfull \hbox (6.0pt too wide) in paragraph at lines 1--2
[][][][][][] 
 []

File: FIGURES/dist-func.eps Graphic file (type eps)
<FIGURES/dist-func.eps>) (./TEXT/sal-evmdd.tex
Overfull \vbox (8.0pt too high) has occurred while \output is active []


Overfull \vbox (0.3041pt too high) has occurred while \output is active []


[14]
Overfull \hbox (6.0pt too wide) in paragraph at lines 1--2
[][][][][][] 
 []

File: FIGURES/evmdd_plus.eps Graphic file (type eps)
<FIGURES/evmdd_plus.eps>
Overfull \vbox (8.0pt too high) has occurred while \output is active []


Overfull \vbox (0.3041pt too high) has occurred while \output is active []


[15]
Overfull \hbox (6.0pt too wide) in paragraph at lines 6--7
[][][][][][] 
 []

) (./TEXT/sal-transition.tex
Overfull \vbox (8.0pt too high) has occurred while \output is active []


Overfull \vbox (0.3041pt too high) has occurred while \output is active []


[16]
Overfull \hbox (6.0pt too wide) in paragraph at lines 1--2
[][][][][][] 
 []

LaTeX Font Info:    Font shape `OT1/courier/m/it' will be
(Font)              scaled to size 9.85pt on input line 34.
) (./TEXT/sal-composition.tex
Overfull \vbox (8.0pt too high) has occurred while \output is active []


Overfull \vbox (0.3041pt too high) has occurred while \output is active []


[17]
Overfull \hbox (6.0pt too wide) in paragraph at lines 1--2
[][][][][][] 
 []

) (./TEXT/sal-com-smc.tex
Overfull \vbox (8.0pt too high) has occurred while \output is active []


Overfull \vbox (0.3041pt too high) has occurred while \output is active []


[18]
Overfull \hbox (6.0pt too wide) in paragraph at lines 1--2
[][][][][][] 
 []

LaTeX Font Info:    Font shape `OT1/helvetica/m/n' will be
(Font)              scaled to size 7.38007pt on input line 5.
)
Overfull \vbox (8.0pt too high) has occurred while \output is active []


Overfull \vbox (0.3041pt too high) has occurred while \output is active []


[19]
Overfull \hbox (10.55908pt too wide) in paragraph at lines 63--63
[][][][][][] 
 []

(./TEXT/sal-result-phil.tex
Overfull \vbox (8.0pt too high) has occurred while \output is active []


Overfull \vbox (0.3041pt too high) has occurred while \output is active []


[20]
Overfull \hbox (6.0pt too wide) in paragraph at lines 1--2
[][][][][][] 
 []

File: FIGURES/result-phil.eps Graphic file (type eps)
<FIGURES/result-phil.eps>) (./TEXT/sal-result-robin.tex
Overfull \vbox (8.0pt too high) has occurred while \output is active []


Overfull \vbox (0.3041pt too high) has occurred while \output is active []


[21]
Overfull \hbox (6.0pt too wide) in paragraph at lines 1--2
[][][][][][] 
 []

File: FIGURES/result-robin.eps Graphic file (type eps)
<FIGURES/result-robin.eps>) (./TEXT/sal-result-table.tex
Overfull \vbox (8.0pt too high) has occurred while \output is active []


Overfull \vbox (0.3041pt too high) has occurred while \output is active []


[22]
Overfull \hbox (6.0pt too wide) in paragraph at lines 1--2
[][][][][][] 
 []

) (./TEXT/sal-conclusion.tex
Overfull \vbox (8.0pt too high) has occurred while \output is active []


Overfull \vbox (0.3041pt too high) has occurred while \output is active []


[23]
Overfull \hbox (6.0pt too wide) in paragraph at lines 1--2
[][][][][][] 
 []

)
Overfull \vbox (8.0pt too high) has occurred while \output is active []


Overfull \vbox (0.3041pt too high) has occurred while \output is active []


[24]
Underfull \hbox (badness 10000) in paragraph at lines 70--70

 []


Overfull \hbox (10.55908pt too wide) in paragraph at lines 70--70
[][][][][][] 
 []


Overfull \vbox (8.0pt too high) has occurred while \output is active []


Overfull \vbox (0.3041pt too high) has occurred while \output is active []


[25] (./NIA-report.aux)

LaTeX Font Warning: Some font shapes were not available, defaults substituted.

 ) 
Here is how much of TeX's memory you used:
 3044 strings out of 94501
 38775 string characters out of 1176136
 90673 words of memory out of 1500000
 6084 multiletter control sequences out of 10000+50000
 27780 words of font info for 87 fonts, out of 1200000 for 2000
 580 hyphenation exceptions out of 8191
 34i,11n,32p,237b,534s stack positions out of 5000i,500n,6000p,200000b,5000s

Output written on NIA-report.dvi (25 pages, 37116 bytes).
