This is pdfeTeX, Version 3.141592-1.21a-2.2 (Web2C 7.5.4) (format=pdflatex 2007.12.21)  6 DEC 2011 18:52
entering extended mode
**white-slides
(./white-slides.tex
LaTeX2e <2003/12/01>
Babel <v3.8d> and hyphenation patterns for american, french, german, ngerman, b
ahasa, basque, bulgarian, catalan, croatian, czech, danish, dutch, esperanto, e
stonian, finnish, greek, icelandic, irish, italian, latin, magyar, norsk, polis
h, portuges, romanian, russian, serbian, slovak, slovene, spanish, swedish, tur
kish, ukrainian, nohyphenation, loaded.
(/sw/share/texmf-dist/tex/latex/beamer/beamer.cls
(/sw/share/texmf-dist/tex/latex/beamer/beamerbasercs.sty
Package: beamerbasercs 2004/10/07 (rcs-revision 1.3)
)
Document Class: beamer 2004/10/11 cvs version 3.01 A class for typesetting pres
entations (rcs-revision 1.55)
(/sw/share/texmf-dist/tex/latex/beamer/beamerbasemodes.sty
Package: beamerbasemodes 2004/10/07 (rcs-revision 1.20)
\beamer@tempbox=\box26
\beamer@tempcount=\count79
\c@beamerpauses=\count80

(/sw/share/texmf-dist/tex/latex/beamer/beamerbasedecode.sty
Package: beamerbasedecode 2004/10/07 (rcs-revision 1.16)
\beamer@slideinframe=\count81
\beamer@minimum=\count82
)
\beamer@commentbox=\box27
\beamer@modecount=\count83
)
\headheight=\dimen102
\headdp=\dimen103
\footheight=\dimen104
\sidebarheight=\dimen105
\beamer@tempdim=\dimen106
\beamer@finalheight=\dimen107
\beamer@animht=\dimen108
\beamer@animdp=\dimen109
\beamer@animwd=\dimen110
\beamer@leftmargin=\dimen111
\beamer@rightmargin=\dimen112
\beamer@leftsidebar=\dimen113
\beamer@rightsidebar=\dimen114
\beamer@boxsize=\dimen115
\beamer@vboxoffset=\dimen116
\beamer@descdefault=\dimen117
\beamer@descriptionwidth=\dimen118
\beamer@lastskip=\skip41
\beamer@areabox=\box28
\beamer@animcurrent=\box29
\beamer@animshowbox=\box30
\beamer@sectionbox=\box31
\beamer@logobox=\box32
\beamer@linebox=\box33
\beamer@sectioncount=\count84
\beamer@subsectionmax=\count85
\beamer@sectionmax=\count86
\beamer@totalheads=\count87
\beamer@headcounter=\count88
\beamer@partstartpage=\count89
\beamer@sectionstartpage=\count90
\beamer@subsectionstartpage=\count91
\beamer@animationtempa=\count92
\beamer@animationtempb=\count93
\beamer@xpos=\count94
\beamer@ypos=\count95
\beamer@showpartnumber=\count96
\beamer@currentsubsection=\count97
\beamer@coveringdepth=\count98
\beamer@sectionadjust=\count99
\beamer@tocsectionnumber=\count100

(/sw/share/texmf-dist/tex/latex/beamer/beamerbaseoptions.sty
Package: beamerbaseoptions 2004/10/07 (rcs-revision 1.6)

(/sw/share/texmf-dist/tex/latex/graphics/keyval.sty
Package: keyval 1999/03/16 v1.13 key=value parser (DPC)
\KV@toks@=\toks14
))
(/sw/share/texmf/tex/latex/pgf/basiclayer/pgf.sty
(/sw/share/texmf/tex/latex/pgf/utilities/pgfrcs.sty
(/sw/share/texmf/tex/generic/pgf/utilities/pgfutil-common.tex
\pgfutil@everybye=\toks15
)
(/sw/share/texmf/tex/generic/pgf/utilities/pgfutil-latex.def
(/sw/share/texmf-dist/tex/latex/ms/everyshi.sty
Package: everyshi 2001/05/15 v3.00 EveryShipout Package (MS)
))
(/sw/share/texmf/tex/generic/pgf/utilities/pgfrcs.code.tex
Package: pgfrcs 2008/05/19 v2.00-cvs (rcs-revision 1.22)
))
Package: pgf 2008/01/15 v2.00-cvs (rcs-revision 1.12)

(/sw/share/texmf/tex/latex/pgf/basiclayer/pgfcore.sty
(/sw/share/texmf-dist/tex/latex/graphics/graphicx.sty
Package: graphicx 1999/02/16 v1.0f Enhanced LaTeX Graphics (DPC,SPQR)

(/sw/share/texmf-dist/tex/latex/graphics/graphics.sty
Package: graphics 2001/07/07 v1.0n Standard LaTeX Graphics (DPC,SPQR)

(/sw/share/texmf-dist/tex/latex/graphics/trig.sty
Package: trig 1999/03/16 v1.09 sin cos tan (DPC)
)
(/sw/share/texmf-dist/tex/latex/graphics/graphics.cfg
File: graphics.cfg 2005/02/03 v1.3 graphics configuration of teTeX/TeXLive
)
Package graphics Info: Driver file: pdftex.def on input line 80.

(/sw/share/texmf-dist/tex/latex/graphics/pdftex.def
File: pdftex.def 2002/06/19 v0.03k graphics/color for pdftex
\Gread@gobject=\count101
))
\Gin@req@height=\dimen119
\Gin@req@width=\dimen120
)
(/sw/share/texmf/tex/latex/pgf/systemlayer/pgfsys.sty
(/sw/share/texmf/tex/generic/pgf/systemlayer/pgfsys.code.tex
Package: pgfsys 2008/09/27 v2.00-cvs (rcs-revision 1.33)

(/sw/share/texmf/tex/generic/pgf/utilities/pgfkeys.code.tex
\pgfkeys@pathtoks=\toks16
\pgfkeys@temptoks=\toks17

(/sw/share/texmf/tex/generic/pgf/utilities/pgfkeysfiltered.code.tex
\pgfkeys@tmptoks=\toks18
))
\pgf@x=\dimen121
\pgf@y=\dimen122
\pgf@xa=\dimen123
\pgf@ya=\dimen124
\pgf@xb=\dimen125
\pgf@yb=\dimen126
\pgf@xc=\dimen127
\pgf@yc=\dimen128
\w@pgf@writea=\write3
\c@pgf@counta=\count102
\c@pgf@countb=\count103
\c@pgf@countc=\count104
\c@pgf@countd=\count105

(/sw/share/texmf/tex/generic/pgf/systemlayer/pgf.cfg
File: pgf.cfg 2008/05/14  (rcs-revision 1.7)
)
Package pgfsys Info: Driver file for pgf: pgfsys-pdftex.def on input line 893.

(/sw/share/texmf/tex/generic/pgf/systemlayer/pgfsys-pdftex.def
File: pgfsys-pdftex.def 2008/09/14  (rcs-revision 1.25)

(/sw/share/texmf/tex/generic/pgf/systemlayer/pgfsys-common-pdf.def
File: pgfsys-common-pdf.def 2008/05/19  (rcs-revision 1.10)
)))
(/sw/share/texmf/tex/generic/pgf/systemlayer/pgfsyssoftpath.code.tex
File: pgfsyssoftpath.code.tex 2008/07/18  (rcs-revision 1.7)
\pgfsyssoftpath@smallbuffer@items=\count106
\pgfsyssoftpath@bigbuffer@items=\count107
)
(/sw/share/texmf/tex/generic/pgf/systemlayer/pgfsysprotocol.code.tex
File: pgfsysprotocol.code.tex 2006/10/16  (rcs-revision 1.4)
))
(/sw/share/texmf-local/tex/latex/xcolor/xcolor.sty
Package: xcolor 2007/01/21 v2.11 LaTeX color extensions (UK)

(/sw/share/texmf-dist/tex/latex/graphics/color.cfg
File: color.cfg 2005/02/03 v1.3 color configuration of teTeX/TeXLive
)
Package xcolor Info: Driver file: pdftex.def on input line 225.
Package xcolor Info: Model `cmy' substituted by `cmy0' on input line 1337.
Package xcolor Info: Model `hsb' substituted by `rgb' on input line 1341.
Package xcolor Info: Model `RGB' extended on input line 1353.
Package xcolor Info: Model `HTML' substituted by `rgb' on input line 1355.
Package xcolor Info: Model `Hsb' substituted by `hsb' on input line 1356.
Package xcolor Info: Model `tHsb' substituted by `hsb' on input line 1357.
Package xcolor Info: Model `HSB' substituted by `hsb' on input line 1358.
Package xcolor Info: Model `Gray' substituted by `gray' on input line 1359.
Package xcolor Info: Model `wave' substituted by `hsb' on input line 1360.
)
(/sw/share/texmf/tex/generic/pgf/basiclayer/pgfcore.code.tex
Package: pgfcore 2008/01/15 v2.00-cvs (rcs-revision 1.6)

(/sw/share/texmf/tex/generic/pgf/math/pgfmath.code.tex
(/sw/share/texmf/tex/generic/pgf/math/pgfmathcalc.code.tex
(/sw/share/texmf/tex/generic/pgf/math/pgfmathutil.code.tex)
(/sw/share/texmf/tex/generic/pgf/math/pgfmathparser.code.tex
\pgfmath@dimen=\dimen129
\pgfmath@count=\count108
\pgfmath@box=\box34
\pgfmath@toks=\toks19
\pgfmath@stack@operand=\toks20
\pgfmath@stack@operation=\toks21
)
(/sw/share/texmf/tex/generic/pgf/math/pgfmathfunctions.code.tex
(/sw/share/texmf/tex/generic/pgf/math/pgfmathfunctions.basic.code.tex)
(/sw/share/texmf/tex/generic/pgf/math/pgfmathfunctions.trigonometric.code.tex)
(/sw/share/texmf/tex/generic/pgf/math/pgfmathfunctions.random.code.tex)
(/sw/share/texmf/tex/generic/pgf/math/pgfmathfunctions.comparison.code.tex)
(/sw/share/texmf/tex/generic/pgf/math/pgfmathfunctions.base.code.tex)
(/sw/share/texmf/tex/generic/pgf/math/pgfmathfunctions.round.code.tex)
(/sw/share/texmf/tex/generic/pgf/math/pgfmathfunctions.misc.code.tex)))
(/sw/share/texmf/tex/generic/pgf/math/pgfmathfloat.code.tex
\c@pgfmathroundto@lastzeros=\count109
))
(/sw/share/texmf/tex/generic/pgf/basiclayer/pgfcorepoints.code.tex
File: pgfcorepoints.code.tex 2008/07/11  (rcs-revision 1.18)
\pgf@picminx=\dimen130
\pgf@picmaxx=\dimen131
\pgf@picminy=\dimen132
\pgf@picmaxy=\dimen133
\pgf@pathminx=\dimen134
\pgf@pathmaxx=\dimen135
\pgf@pathminy=\dimen136
\pgf@pathmaxy=\dimen137
\pgf@xx=\dimen138
\pgf@xy=\dimen139
\pgf@yx=\dimen140
\pgf@yy=\dimen141
\pgf@zx=\dimen142
\pgf@zy=\dimen143
)
(/sw/share/texmf/tex/generic/pgf/basiclayer/pgfcorepathconstruct.code.tex
File: pgfcorepathconstruct.code.tex 2009/01/22  (rcs-revision 1.21)
\pgf@path@lastx=\dimen144
\pgf@path@lasty=\dimen145
)
(/sw/share/texmf/tex/generic/pgf/basiclayer/pgfcorepathusage.code.tex
File: pgfcorepathusage.code.tex 2008/04/22  (rcs-revision 1.12)
\pgf@shorten@end@additional=\dimen146
\pgf@shorten@start@additional=\dimen147
)
(/sw/share/texmf/tex/generic/pgf/basiclayer/pgfcorescopes.code.tex
File: pgfcorescopes.code.tex 2008/03/03  (rcs-revision 1.27)
\pgfpic=\box35
\pgf@hbox=\box36
\pgf@layerbox@main=\box37
\pgf@picture@serial@count=\count110
)
(/sw/share/texmf/tex/generic/pgf/basiclayer/pgfcoregraphicstate.code.tex
File: pgfcoregraphicstate.code.tex 2008/04/22  (rcs-revision 1.9)
\pgflinewidth=\dimen148
)
(/sw/share/texmf/tex/generic/pgf/basiclayer/pgfcoretransformations.code.tex
File: pgfcoretransformations.code.tex 2008/02/04  (rcs-revision 1.10)
\pgf@pt@x=\dimen149
\pgf@pt@y=\dimen150
\pgf@pt@temp=\dimen151
)
(/sw/share/texmf/tex/generic/pgf/basiclayer/pgfcorequick.code.tex
File: pgfcorequick.code.tex 2008/10/09  (rcs-revision 1.3)
)
(/sw/share/texmf/tex/generic/pgf/basiclayer/pgfcoreobjects.code.tex
File: pgfcoreobjects.code.tex 2006/10/11  (rcs-revision 1.2)
)
(/sw/share/texmf/tex/generic/pgf/basiclayer/pgfcorepathprocessing.code.tex
File: pgfcorepathprocessing.code.tex 2008/10/09  (rcs-revision 1.8)
)
(/sw/share/texmf/tex/generic/pgf/basiclayer/pgfcorearrows.code.tex
File: pgfcorearrows.code.tex 2008/04/23  (rcs-revision 1.11)
)
(/sw/share/texmf/tex/generic/pgf/basiclayer/pgfcoreshade.code.tex
File: pgfcoreshade.code.tex 2008/11/23  (rcs-revision 1.13)
\pgf@max=\dimen152
\pgf@sys@shading@range@num=\count111
)
(/sw/share/texmf/tex/generic/pgf/basiclayer/pgfcoreimage.code.tex
File: pgfcoreimage.code.tex 2008/11/28  (rcs-revision 1.6)
\pgfexternal@startupbox=\box38
)
(/sw/share/texmf/tex/generic/pgf/basiclayer/pgfcorelayers.code.tex
File: pgfcorelayers.code.tex 2008/01/15  (rcs-revision 1.1)
)
(/sw/share/texmf/tex/generic/pgf/basiclayer/pgfcoretransparency.code.tex
File: pgfcoretransparency.code.tex 2008/01/17  (rcs-revision 1.2)
)
(/sw/share/texmf/tex/generic/pgf/basiclayer/pgfcorepatterns.code.tex
File: pgfcorepatterns.code.tex 2008/03/19  (rcs-revision 1.2)
)))
(/sw/share/texmf/tex/generic/pgf/modules/pgfmoduleshapes.code.tex
File: pgfmoduleshapes.code.tex 2008/11/13  (rcs-revision 1.6)
\pgfnodeparttextbox=\box39
)
(/sw/share/texmf/tex/generic/pgf/modules/pgfmoduleplot.code.tex
File: pgfmoduleplot.code.tex 2008/09/27  (rcs-revision 1.2)
)
(/sw/share/texmf/tex/latex/pgf/compatibility/pgfcomp-version-0-65.sty
Package: pgfcomp-version-0-65 2007/07/03 v2.00-cvs (rcs-revision 1.7)
\pgf@nodesepstart=\dimen153
\pgf@nodesepend=\dimen154
)
(/sw/share/texmf/tex/latex/pgf/compatibility/pgfcomp-version-1-18.sty
Package: pgfcomp-version-1-18 2007/07/23 v2.00-cvs (rcs-revision 1.1)
))
(/sw/share/texmf/tex/latex/pgf/utilities/xxcolor.sty
Package: xxcolor 2003/10/24 ver 0.1
\XC@nummixins=\count112
\XC@countmixins=\count113
)
(/sw/share/texmf-dist/tex/latex/amsfonts/amssymb.sty
Package: amssymb 2002/01/22 v2.2d

(/sw/share/texmf-dist/tex/latex/amsfonts/amsfonts.sty
Package: amsfonts 2001/10/25 v2.2f
\@emptytoks=\toks22
\symAMSa=\mathgroup4
\symAMSb=\mathgroup5
LaTeX Font Info:    Overwriting math alphabet `\mathfrak' in version `bold'
(Font)                  U/euf/m/n --> U/euf/b/n on input line 132.
))
(/sw/share/texmf-dist/tex/latex/geometry/geometry.sty
Package: geometry 2002/07/08 v3.2 Page Geometry
\Gm@cnth=\count114
\Gm@cntv=\count115
\c@Gm@tempcnt=\count116
\Gm@bindingoffset=\dimen155
\Gm@wd@mp=\dimen156
\Gm@odd@mp=\dimen157
\Gm@even@mp=\dimen158
\Gm@dimlist=\toks23

(/sw/share/texmf-dist/tex/latex/geometry/geometry.cfg))
(/sw/share/texmf-dist/tex/latex/hyperref/hyperref.sty
Package: hyperref 2003/11/30 v6.74m Hypertext links for LaTeX
\@linkdim=\dimen159
\Hy@linkcounter=\count117
\Hy@pagecounter=\count118

(/sw/share/texmf-dist/tex/latex/hyperref/pd1enc.def
File: pd1enc.def 2003/11/30 v6.74m Hyperref: PDFDocEncoding definition (HO)
)
(/sw/share/texmf-dist/tex/latex/hyperref/hyperref.cfg
File: hyperref.cfg 2002/06/06 v1.2 hyperref configuration of TeXLive and teTeX
)
Package hyperref Info: Option `bookmarks' set `true' on input line 1830.
Package hyperref Info: Option `bookmarksopen' set `true' on input line 1830.
Package hyperref Info: Option `implicit' set `false' on input line 1830.
Package hyperref Info: Hyper figures OFF on input line 1880.
Package hyperref Info: Link nesting OFF on input line 1885.
Package hyperref Info: Hyper index ON on input line 1888.
Package hyperref Info: Plain pages ON on input line 1893.
Package hyperref Info: Backreferencing OFF on input line 1900.

Implicit mode OFF; no redefinition of LaTeX internals
Package hyperref Info: Bookmarks ON on input line 2004.
(/sw/share/texmf/tex/latex/html/url.sty
Package: url 1999/03/02  ver 1.4  Verb mode for urls, email addresses, and file
 names
)
LaTeX Info: Redefining \url on input line 2143.
\Fld@menulength=\count119
\Field@Width=\dimen160
\Fld@charsize=\dimen161
\Choice@toks=\toks24
\Field@toks=\toks25
Package hyperref Info: Hyper figures OFF on input line 2618.
Package hyperref Info: Link nesting OFF on input line 2623.
Package hyperref Info: Hyper index ON on input line 2626.
Package hyperref Info: backreferencing OFF on input line 2633.
Package hyperref Info: Link coloring OFF on input line 2638.

Hyperref stopped early
)
*hyperref using default driver hpdftex*
(/sw/share/texmf-dist/tex/latex/hyperref/hpdftex.def
File: hpdftex.def 2003/11/30 v6.74m Hyperref driver for pdfTeX

(/sw/share/texmf-dist/tex/latex/psnfss/pifont.sty
Package: pifont 2004/09/15 PSNFSS-v9.2 Pi font support (SPQR) 
LaTeX Font Info:    Try loading font information for U+pzd on input line 63.

(/sw/share/texmf-dist/tex/latex/psnfss/upzd.fd
File: upzd.fd 2001/06/04 font definitions for U/pzd.
)
LaTeX Font Info:    Try loading font information for U+psy on input line 64.

(/sw/share/texmf-dist/tex/latex/psnfss/upsy.fd
File: upsy.fd 2001/06/04 font definitions for U/psy.
))
\Fld@listcount=\count120
\@outlinefile=\write4
)
(/sw/share/texmf-dist/tex/latex/base/size11.clo
File: size11.clo 2004/02/16 v1.4f Standard LaTeX file (size option)
)
(/sw/share/texmf-dist/tex/latex/beamer/beamerbasecompatibility.sty
Package: beamerbasecompatibility 2004/11/01  (rcs-revision 1.56)
)
(/sw/share/texmf-dist/tex/latex/beamer/beamerbasefont.sty
Package: beamerbasefont 2004/10/07  (rcs-revision 1.11)
LaTeX Font Info:    Overwriting symbol font `operators' in version `normal'
(Font)                  OT1/cmr/m/n --> OT1/cmss/m/n on input line 170.
LaTeX Font Info:    Overwriting symbol font `operators' in version `bold'
(Font)                  OT1/cmr/bx/n --> OT1/cmss/bx/n on input line 173.
)
(/sw/share/texmf-dist/tex/latex/beamer/beamerbasemisc.sty
Package: beamerbasemisc 2004/10/07  (rcs-revision 1.19)
)
(/sw/share/texmf-dist/tex/latex/beamer/beamerbaseoverlay.sty
Package: beamerbaseoverlay 2004/10/26  (rcs-revision 1.47)
\beamer@argscount=\count121
\beamer@lastskipcover=\skip42
\beamer@trivlistdepth=\count122
)
(/sw/share/texmf-dist/tex/latex/beamer/beamerbasetitle.sty
Package: beamerbasetitle 2004/11/01  (rcs-revision 1.22)
)
(/sw/share/texmf-dist/tex/latex/beamer/beamerbasesection.sty
Package: beamerbasesection 2004/10/14  (rcs-revision 1.15)
\c@lecture=\count123
\c@part=\count124
\c@section=\count125
\c@subsection=\count126
)
(/sw/share/texmf-dist/tex/latex/beamer/beamerbaseframe.sty
Package: beamerbaseframe 2004/11/01  (rcs-revision 1.47)
\beamer@framebox=\box40
\beamer@frametitlebox=\box41
\beamer@zoombox=\box42
\beamer@zoomcount=\count127
\beamer@zoomframecount=\count128
\beamer@frametextheight=\dimen162
\c@subsectionslide=\count129
\beamer@frametopskip=\skip43
\beamer@framebottomskip=\skip44
\beamer@frametopskipautobreak=\skip45
\beamer@framebottomskipautobreak=\skip46
\beamer@envbody=\toks26
\c@framenumber=\count130
)
(/sw/share/texmf-dist/tex/latex/beamer/beamerbaseverbatim.sty
Package: beamerbaseverbatim 2004/10/13  (rcs-revision 1.2)
\beamer@verbatimfileout=\write5
)
(/sw/share/texmf-dist/tex/latex/beamer/beamerbaseframesize.sty
Package: beamerbaseframesize 2004/10/20  (rcs-revision 1.9)
\beamer@splitbox=\box43
\beamer@autobreakcount=\count131
\beamer@frametitletoks=\toks27
\beamer@framesubtitletoks=\toks28
)
(/sw/share/texmf-dist/tex/latex/beamer/beamerbaseframecomponents.sty
Package: beamerbaseframecomponents 2004/11/01  (rcs-revision 1.39)
\beamer@footins=\box44
)
(/sw/share/texmf-dist/tex/latex/beamer/beamerbasecolor.sty
Package: beamerbasecolor 2004/10/28  (rcs-revision 1.38)
)
(/sw/share/texmf-dist/tex/latex/beamer/beamerbasenotes.sty
Package: beamerbasenotes 2004/10/08  (rcs-revision 1.14)
\beamer@frameboxcopy=\box45
)
(/sw/share/texmf-dist/tex/latex/beamer/beamerbasetoc.sty
Package: beamerbasetoc 2004/10/07  (rcs-revision 1.19)
)
(/sw/share/texmf-dist/tex/latex/beamer/beamerbasetemplates.sty
Package: beamerbasetemplates 2004/10/07  (rcs-revision 1.50)
\beamer@sbttoks=\toks29

(/sw/share/texmf-dist/tex/latex/beamer/beamerbaseauxtemplates.sty
Package: beamerbaseauxtemplates 2004/10/28  (rcs-revision 1.21)

(/sw/share/texmf/tex/latex/pgf/compatibility/pgfshade.sty
Package: pgfshade 2006/10/11 v2.00-cvs (rcs-revision 1.3)


Package pgfshade Warning: This package is obsolete. pgf.sty will load shade man
agement automatically on input line 17.

) (/sw/share/texmf-dist/tex/latex/beamer/beamerbaseboxes.sty
Package: beamerbaseboxes 2004/10/28  (rcs-revision 1.22)
\bmb@box=\box46
\bmb@colorbox=\box47
\bmb@boxshadow=\box48
\bmb@boxshadowball=\box49
\bmb@boxshadowballlarge=\box50
\bmb@temp=\dimen163
\bmb@dima=\dimen164
\bmb@dimb=\dimen165
\bmb@prevheight=\dimen166
)
\beamer@blockheadheight=\dimen167
))
(/sw/share/texmf-dist/tex/latex/beamer/beamerbaselocalstructure.sty
Package: beamerbaselocalstructure 2004/11/01  (rcs-revision 1.50)

(/sw/share/texmf-dist/tex/latex/tools/enumerate.sty
Package: enumerate 1999/03/05 v3.00 enumerate extensions (DPC)
\@enLab=\toks30
)
\c@figure=\count132
\c@table=\count133
\abovecaptionskip=\skip47
\belowcaptionskip=\skip48
)
(/sw/share/texmf-dist/tex/latex/beamer/beamerbasenavigation.sty
Package: beamerbasenavigation 2004/11/01  (rcs-revision 1.30)
)
(/sw/share/texmf-dist/tex/latex/beamer/beamerbasetheorems.sty
Package: beamerbasetheorems 2004/10/07  (rcs-revision 1.6)

(/sw/share/texmf-dist/tex/latex/amsmath/amsmath.sty
Package: amsmath 2000/07/18 v2.13 AMS math features
\@mathmargin=\skip49

For additional information on amsmath, use the `?' option.
(/sw/share/texmf-dist/tex/latex/amsmath/amstext.sty
Package: amstext 2000/06/29 v2.01

(/sw/share/texmf-dist/tex/latex/amsmath/amsgen.sty
File: amsgen.sty 1999/11/30 v2.0
\@emptytoks=\toks31
\ex@=\dimen168
))
(/sw/share/texmf-dist/tex/latex/amsmath/amsbsy.sty
Package: amsbsy 1999/11/29 v1.2d
\pmbraise@=\dimen169
)
(/sw/share/texmf-dist/tex/latex/amsmath/amsopn.sty
Package: amsopn 1999/12/14 v2.01 operator names
)
\inf@bad=\count134
LaTeX Info: Redefining \frac on input line 211.
\uproot@=\count135
\leftroot@=\count136
LaTeX Info: Redefining \overline on input line 307.
\classnum@=\count137
\DOTSCASE@=\count138
LaTeX Info: Redefining \ldots on input line 379.
LaTeX Info: Redefining \dots on input line 382.
LaTeX Info: Redefining \cdots on input line 467.
\Mathstrutbox@=\box51
\strutbox@=\box52
\big@size=\dimen170
LaTeX Font Info:    Redeclaring font encoding OML on input line 567.
LaTeX Font Info:    Redeclaring font encoding OMS on input line 568.
\macc@depth=\count139
\c@MaxMatrixCols=\count140
\dotsspace@=\muskip10
\c@parentequation=\count141
\dspbrk@lvl=\count142
\tag@help=\toks32
\row@=\count143
\column@=\count144
\maxfields@=\count145
\andhelp@=\toks33
\eqnshift@=\dimen171
\alignsep@=\dimen172
\tagshift@=\dimen173
\tagwidth@=\dimen174
\totwidth@=\dimen175
\lineht@=\dimen176
\@envbody=\toks34
\multlinegap=\skip50
\multlinetaggap=\skip51
\mathdisplay@stack=\toks35
LaTeX Info: Redefining \[ on input line 2666.
LaTeX Info: Redefining \] on input line 2667.
)
(/sw/share/texmf-dist/tex/latex/amscls/amsthm.sty
Package: amsthm 2004/08/06 v2.20
\thm@style=\toks36
\thm@bodyfont=\toks37
\thm@headfont=\toks38
\thm@notefont=\toks39
\thm@headpunct=\toks40
\thm@preskip=\skip52
\thm@postskip=\skip53
\thm@headsep=\skip54
\dth@everypar=\toks41
)
\c@theorem=\count146
)
(/sw/share/texmf-dist/tex/latex/beamer/beamerbasethemes.sty
Package: beamerbasethemes 2004/10/07  (rcs-revision 1.9)
)
(/sw/share/texmf-dist/tex/latex/beamer/beamerthemedefault.sty
Package: beamerthemedefault 2004/10/07  (rcs-revision 1.6)

(/sw/share/texmf-dist/tex/latex/beamer/beamerfontthemedefault.sty
Package: beamerfontthemedefault 2004/10/07  (rcs-revision 1.10)
)
(/sw/share/texmf-dist/tex/latex/beamer/beamercolorthemedefault.sty
Package: beamercolorthemedefault 2004/10/07  (rcs-revision 1.25)
)
(/sw/share/texmf-dist/tex/latex/beamer/beamerinnerthemedefault.sty
Package: beamerinnerthemedefault 2004/10/28  (rcs-revision 1.16)
\beamer@dima=\dimen177
\beamer@dimb=\dimen178
)
(/sw/share/texmf-dist/tex/latex/beamer/beamerouterthemedefault.sty
Package: beamerouterthemedefault 2004/10/07  (rcs-revision 1.6)
)))
(/sw/share/texmf-dist/tex/latex/base/inputenc.sty
Package: inputenc 2004/02/05 v1.0d Input encoding file

(/sw/share/texmf-dist/tex/latex/base/utf8.def
File: utf8.def 2004/02/09 v1.1b UTF-8 support for inputenc
Now handling font encoding OML ...
... no UTF-8 mapping file for font encoding OML
Now handling font encoding T1 ...
... processing UTF-8 mapping file for font encoding T1

(/sw/share/texmf-dist/tex/latex/base/t1enc.dfu
File: t1enc.dfu 2004/02/09 v1.1b UTF-8 support for inputenc
   defining Unicode char U+00A1 (decimal 161)
   defining Unicode char U+00A3 (decimal 163)
   defining Unicode char U+00AB (decimal 171)
   defining Unicode char U+00BB (decimal 187)
   defining Unicode char U+00BF (decimal 191)
   defining Unicode char U+00C0 (decimal 192)
   defining Unicode char U+00C1 (decimal 193)
   defining Unicode char U+00C2 (decimal 194)
   defining Unicode char U+00C3 (decimal 195)
   defining Unicode char U+00C4 (decimal 196)
   defining Unicode char U+00C5 (decimal 197)
   defining Unicode char U+00C6 (decimal 198)
   defining Unicode char U+00C7 (decimal 199)
   defining Unicode char U+00C8 (decimal 200)
   defining Unicode char U+00C9 (decimal 201)
   defining Unicode char U+00CA (decimal 202)
   defining Unicode char U+00CB (decimal 203)
   defining Unicode char U+00CC (decimal 204)
   defining Unicode char U+00CD (decimal 205)
   defining Unicode char U+00CE (decimal 206)
   defining Unicode char U+00CF (decimal 207)
   defining Unicode char U+00D0 (decimal 208)
   defining Unicode char U+00D1 (decimal 209)
   defining Unicode char U+00D2 (decimal 210)
   defining Unicode char U+00D3 (decimal 211)
   defining Unicode char U+00D4 (decimal 212)
   defining Unicode char U+00D5 (decimal 213)
   defining Unicode char U+00D6 (decimal 214)
   defining Unicode char U+00D8 (decimal 216)
   defining Unicode char U+00D9 (decimal 217)
   defining Unicode char U+00DA (decimal 218)
   defining Unicode char U+00DB (decimal 219)
   defining Unicode char U+00DC (decimal 220)
   defining Unicode char U+00DD (decimal 221)
   defining Unicode char U+00DE (decimal 222)
   defining Unicode char U+00DF (decimal 223)
   defining Unicode char U+00E0 (decimal 224)
   defining Unicode char U+00E1 (decimal 225)
   defining Unicode char U+00E2 (decimal 226)
   defining Unicode char U+00E3 (decimal 227)
   defining Unicode char U+00E4 (decimal 228)
   defining Unicode char U+00E5 (decimal 229)
   defining Unicode char U+00E6 (decimal 230)
   defining Unicode char U+00E7 (decimal 231)
   defining Unicode char U+00E8 (decimal 232)
   defining Unicode char U+00E9 (decimal 233)
   defining Unicode char U+00EA (decimal 234)
   defining Unicode char U+00EB (decimal 235)
   defining Unicode char U+00EC (decimal 236)
   defining Unicode char U+00ED (decimal 237)
   defining Unicode char U+00EE (decimal 238)
   defining Unicode char U+00EF (decimal 239)
   defining Unicode char U+00F0 (decimal 240)
   defining Unicode char U+00F1 (decimal 241)
   defining Unicode char U+00F2 (decimal 242)
   defining Unicode char U+00F3 (decimal 243)
   defining Unicode char U+00F4 (decimal 244)
   defining Unicode char U+00F5 (decimal 245)
   defining Unicode char U+00F6 (decimal 246)
   defining Unicode char U+00F8 (decimal 248)
   defining Unicode char U+00F9 (decimal 249)
   defining Unicode char U+00FA (decimal 250)
   defining Unicode char U+00FB (decimal 251)
   defining Unicode char U+00FC (decimal 252)
   defining Unicode char U+00FD (decimal 253)
   defining Unicode char U+00FE (decimal 254)
   defining Unicode char U+00FF (decimal 255)
   defining Unicode char U+0102 (decimal 258)
   defining Unicode char U+0103 (decimal 259)
   defining Unicode char U+0104 (decimal 260)
   defining Unicode char U+0105 (decimal 261)
   defining Unicode char U+0106 (decimal 262)
   defining Unicode char U+0107 (decimal 263)
   defining Unicode char U+010C (decimal 268)
   defining Unicode char U+010D (decimal 269)
   defining Unicode char U+010E (decimal 270)
   defining Unicode char U+010F (decimal 271)
   defining Unicode char U+0110 (decimal 272)
   defining Unicode char U+0111 (decimal 273)
   defining Unicode char U+0118 (decimal 280)
   defining Unicode char U+0119 (decimal 281)
   defining Unicode char U+011A (decimal 282)
   defining Unicode char U+011B (decimal 283)
   defining Unicode char U+011E (decimal 286)
   defining Unicode char U+011F (decimal 287)
   defining Unicode char U+0130 (decimal 304)
   defining Unicode char U+0131 (decimal 305)
   defining Unicode char U+0139 (decimal 313)
   defining Unicode char U+013A (decimal 314)
   defining Unicode char U+013D (decimal 317)
   defining Unicode char U+013E (decimal 318)
   defining Unicode char U+0141 (decimal 321)
   defining Unicode char U+0142 (decimal 322)
   defining Unicode char U+0143 (decimal 323)
   defining Unicode char U+0144 (decimal 324)
   defining Unicode char U+0147 (decimal 327)
   defining Unicode char U+0148 (decimal 328)
   defining Unicode char U+014A (decimal 330)
   defining Unicode char U+014B (decimal 331)
   defining Unicode char U+0150 (decimal 336)
   defining Unicode char U+0151 (decimal 337)
   defining Unicode char U+0152 (decimal 338)
   defining Unicode char U+0153 (decimal 339)
   defining Unicode char U+0154 (decimal 340)
   defining Unicode char U+0155 (decimal 341)
   defining Unicode char U+0158 (decimal 344)
   defining Unicode char U+0159 (decimal 345)
   defining Unicode char U+015A (decimal 346)
   defining Unicode char U+015B (decimal 347)
   defining Unicode char U+015E (decimal 350)
   defining Unicode char U+015F (decimal 351)
   defining Unicode char U+0160 (decimal 352)
   defining Unicode char U+0161 (decimal 353)
   defining Unicode char U+0162 (decimal 354)
   defining Unicode char U+0163 (decimal 355)
   defining Unicode char U+0164 (decimal 356)
   defining Unicode char U+0165 (decimal 357)
   defining Unicode char U+016E (decimal 366)
   defining Unicode char U+016F (decimal 367)
   defining Unicode char U+0170 (decimal 368)
   defining Unicode char U+0171 (decimal 369)
   defining Unicode char U+0178 (decimal 376)
   defining Unicode char U+0179 (decimal 377)
   defining Unicode char U+017A (decimal 378)
   defining Unicode char U+017B (decimal 379)
   defining Unicode char U+017C (decimal 380)
   defining Unicode char U+017D (decimal 381)
   defining Unicode char U+017E (decimal 382)
   defining Unicode char U+200C (decimal 8204)
   defining Unicode char U+2013 (decimal 8211)
   defining Unicode char U+2014 (decimal 8212)
   defining Unicode char U+2018 (decimal 8216)
   defining Unicode char U+2019 (decimal 8217)
   defining Unicode char U+201A (decimal 8218)
   defining Unicode char U+201C (decimal 8220)
   defining Unicode char U+201D (decimal 8221)
   defining Unicode char U+201E (decimal 8222)
   defining Unicode char U+2030 (decimal 8240)
   defining Unicode char U+2031 (decimal 8241)
   defining Unicode char U+2039 (decimal 8249)
   defining Unicode char U+203A (decimal 8250)
   defining Unicode char U+2423 (decimal 9251)
)
Now handling font encoding OT1 ...
... processing UTF-8 mapping file for font encoding OT1

(/sw/share/texmf-dist/tex/latex/base/ot1enc.dfu
File: ot1enc.dfu 2004/02/09 v1.1b UTF-8 support for inputenc
   defining Unicode char U+00A1 (decimal 161)
   defining Unicode char U+00A3 (decimal 163)
   defining Unicode char U+00B8 (decimal 184)
   defining Unicode char U+00BF (decimal 191)
   defining Unicode char U+00C5 (decimal 197)
   defining Unicode char U+00C6 (decimal 198)
   defining Unicode char U+00D8 (decimal 216)
   defining Unicode char U+00DF (decimal 223)
   defining Unicode char U+00E6 (decimal 230)
   defining Unicode char U+00EC (decimal 236)
   defining Unicode char U+00ED (decimal 237)
   defining Unicode char U+00EE (decimal 238)
   defining Unicode char U+00EF (decimal 239)
   defining Unicode char U+00F8 (decimal 248)
   defining Unicode char U+0131 (decimal 305)
   defining Unicode char U+0141 (decimal 321)
   defining Unicode char U+0142 (decimal 322)
   defining Unicode char U+0152 (decimal 338)
   defining Unicode char U+0153 (decimal 339)
   defining Unicode char U+2013 (decimal 8211)
   defining Unicode char U+2014 (decimal 8212)
   defining Unicode char U+2018 (decimal 8216)
   defining Unicode char U+2019 (decimal 8217)
   defining Unicode char U+201C (decimal 8220)
   defining Unicode char U+201D (decimal 8221)
)
Now handling font encoding OMS ...
... processing UTF-8 mapping file for font encoding OMS

(/sw/share/texmf-dist/tex/latex/base/omsenc.dfu
File: omsenc.dfu 2004/02/09 v1.1b UTF-8 support for inputenc
   defining Unicode char U+00A7 (decimal 167)
   defining Unicode char U+00B6 (decimal 182)
   defining Unicode char U+02D9 (decimal 729)
   defining Unicode char U+2020 (decimal 8224)
   defining Unicode char U+2021 (decimal 8225)
   defining Unicode char U+2022 (decimal 8226)
)
Now handling font encoding OMX ...
... no UTF-8 mapping file for font encoding OMX
Now handling font encoding U ...
... no UTF-8 mapping file for font encoding U
Now handling font encoding PD1 ...
... no UTF-8 mapping file for font encoding PD1
   defining Unicode char U+00A9 (decimal 169)
   defining Unicode char U+00AA (decimal 170)
   defining Unicode char U+00AE (decimal 174)
   defining Unicode char U+00BA (decimal 186)
   defining Unicode char U+02C6 (decimal 710)
   defining Unicode char U+02CA (decimal 714)
   defining Unicode char U+200C (decimal 8204)
   defining Unicode char U+2026 (decimal 8230)
   defining Unicode char U+2122 (decimal 8482)
   defining Unicode char U+2423 (decimal 9251)
))
(/sw/share/texmf-dist/tex/latex/beamer/beamerthemeplain.sty
Package: beamerthemeplain 2004/10/07  (rcs-revision 1.4)


Package beamerthemeplain Warning: This package is obsolet - use font theme ital
ics instead on input line 10.

(/sw/share/texmf-dist/tex/latex/beamer/beamerfontthemestructureitalicserif.sty
Package: beamerfontthemestructureitalicserif 2004/10/07  (rcs-revision 1.2)
)
! Undefined control sequence.
l.13 \beamertemplatedefaultframetitle
                                     [center]
? 

! LaTeX Error: Missing \begin{document}.

See the LaTeX manual or LaTeX Companion for explanation.
Type  H <return>  for immediate help.
 ...                                              
                                                  
l.13 \beamertemplatedefaultframetitle[
                                      center]
? 
) (/sw/share/texmf/tex/latex/pgf/frontendlayer/tikz.sty
(/sw/share/texmf/tex/latex/pgf/utilities/pgffor.sty
(/sw/share/texmf/tex/generic/pgf/utilities/pgffor.code.tex
Package: pgffor 2008/08/31 v2.00-cvs (rcs-revision 1.15)
\pgffor@iter=\dimen179
\pgffor@skip=\dimen180
))
(/sw/share/texmf/tex/generic/pgf/frontendlayer/tikz/tikz.code.tex
Package: tikz 2009/01/24 v2.00-cvs (rcs-revision 1.59)

(/sw/share/texmf/tex/generic/pgf/libraries/pgflibraryplothandlers.code.tex
File: pgflibraryplothandlers.code.tex 2008/05/22 v2.00-cvs (rcs-revision 1.13)
\pgf@plot@mark@count=\count147
\pgfplotmarksize=\dimen181
)
\tikz@lastx=\dimen182
\tikz@lasty=\dimen183
\tikz@lastxsaved=\dimen184
\tikz@lastysaved=\dimen185
\tikzleveldistance=\dimen186
\tikzsiblingdistance=\dimen187
\tikz@figbox=\box53
\tikz@tempbox=\box54
\tikztreelevel=\count148
\tikznumberofchildren=\count149
\tikznumberofcurrentchild=\count150
\tikz@fig@count=\count151

(/sw/share/texmf/tex/generic/pgf/modules/pgfmodulematrix.code.tex
File: pgfmodulematrix.code.tex 2008/11/24  (rcs-revision 1.3)
\pgfmatrixcurrentrow=\count152
\pgfmatrixcurrentcolumn=\count153
\pgf@matrix@numberofcolumns=\count154
)
\tikz@expandcount=\count155

(/sw/share/texmf/tex/generic/pgf/frontendlayer/tikz/libraries/tikzlibrarytopath
s.code.tex
File: tikzlibrarytopaths.code.tex 2008/06/17 v2.00-cvs (rcs-revision 1.2)
)))
(/sw/share/texmf/tex/generic/pgf/frontendlayer/tikz/libraries/tikzlibraryshapes
.code.tex
File: tikzlibraryshapes.code.tex 2008/01/09 v2.00-cvs (rcs-revision 1.1)

(/sw/share/texmf/tex/generic/pgf/frontendlayer/tikz/libraries/tikzlibraryshapes
.geometric.code.tex
File: tikzlibraryshapes.geometric.code.tex 2008/01/09 v2.00-cvs (rcs-revision 1
.1)

(/sw/share/texmf/tex/generic/pgf/libraries/pgflibraryshapes.geometric.code.tex
File: pgflibraryshapes.geometric.code.tex 2008/02/01 v2.00-cvs (rcs-revision 1.
22)
))
(/sw/share/texmf/tex/generic/pgf/frontendlayer/tikz/libraries/tikzlibraryshapes
.misc.code.tex
File: tikzlibraryshapes.misc.code.tex 2008/01/09 v2.00-cvs (rcs-revision 1.1)

(/sw/share/texmf/tex/generic/pgf/libraries/pgflibraryshapes.misc.code.tex
File: pgflibraryshapes.misc.code.tex 2008/02/12 v2.00-cvs (rcs-revision 1.10)
))
(/sw/share/texmf/tex/generic/pgf/frontendlayer/tikz/libraries/tikzlibraryshapes
.symbols.code.tex
File: tikzlibraryshapes.symbols.code.tex 2008/01/09 v2.00-cvs (rcs-revision 1.1
)

(/sw/share/texmf/tex/generic/pgf/libraries/pgflibraryshapes.symbols.code.tex
File: pgflibraryshapes.symbols.code.tex 2008/01/30 v2.00-cvs (rcs-revision 1.13
)
))
(/sw/share/texmf/tex/generic/pgf/frontendlayer/tikz/libraries/tikzlibraryshapes
.arrows.code.tex
File: tikzlibraryshapes.arrows.code.tex 2008/01/09 v2.00-cvs (rcs-revision 1.1)


(/sw/share/texmf/tex/generic/pgf/libraries/pgflibraryshapes.arrows.code.tex
File: pgflibraryshapes.arrows.code.tex 2007/11/10 v2.00-cvs (rcs-revision 1.3)
))
(/sw/share/texmf/tex/generic/pgf/frontendlayer/tikz/libraries/tikzlibraryshapes
.callouts.code.tex
(/sw/share/texmf/tex/generic/pgf/libraries/pgflibraryshapes.callouts.code.tex))

(/sw/share/texmf/tex/generic/pgf/frontendlayer/tikz/libraries/tikzlibraryshapes
.multipart.code.tex
File: tikzlibraryshapes.multipart.code.tex 2008/01/09 v2.00-cvs (rcs-revision 1
.1)

(/sw/share/texmf/tex/generic/pgf/libraries/pgflibraryshapes.multipart.code.tex
File: pgflibraryshapes.multipart.code.tex 2008/01/15 v2.00-cvs (rcs-revision 1.
7)
\pgfnodepartlowerbox=\box55
\pgfnodepartsecondbox=\box56
\pgfnodepartthirdbox=\box57
\pgfnodepartfourthbox=\box58
)))
(/sw/share/texmf/tex/generic/pgf/frontendlayer/tikz/libraries/tikzlibraryarrows
.code.tex
File: tikzlibraryarrows.code.tex 2008/01/09 v2.00-cvs (rcs-revision 1.1)
 (/sw/share/texmf/tex/generic/pgf/libraries/pgflibraryarrows.code.tex
File: pgflibraryarrows.code.tex 2008/10/27 v2.00-cvs (rcs-revision 1.9)
\arrowsize=\dimen188
))
(/sw/share/texmf/tex/generic/pgf/frontendlayer/tikz/libraries/tikzlibrarydecora
tions.pathmorphing.code.tex
(/sw/share/texmf/tex/generic/pgf/frontendlayer/tikz/libraries/tikzlibrarydecora
tions.code.tex
(/sw/share/texmf/tex/generic/pgf/modules/pgfmoduledecorations.code.tex
\pgfdecoratedcompleteddistance=\dimen189
\pgfdecoratedremainingdistance=\dimen190
\pgfdecoratedinputsegmentcompleteddistance=\dimen191
\pgfdecoratedinputsegmentremainingdistance=\dimen192
\pgf@decorate@distancetomove=\dimen193
\pgf@decorate@repeatstate=\count156
\pgfdecorationsegmentamplitude=\dimen194
\pgfdecorationsegmentlength=\dimen195
)
\tikz@lib@dec@box=\box59
)
(/sw/share/texmf/tex/generic/pgf/libraries/pgflibrarydecorations.pathmorphing.c
ode.tex))
(/sw/share/texmf/tex/generic/pgf/frontendlayer/tikz/libraries/tikzlibrarybackgr
ounds.code.tex
File: tikzlibrarybackgrounds.code.tex 2008/01/09 v2.00-cvs (rcs-revision 1.1)
\pgf@layerbox@background=\box60
\pgf@layerboxsaved@background=\box61
)
(/sw/share/texmf/tex/generic/pgf/frontendlayer/tikz/libraries/tikzlibrarypositi
oning.code.tex
File: tikzlibrarypositioning.code.tex 2008/10/06 v2.00-cvs (rcs-revision 1.7)
)
(/sw/share/texmf/tex/generic/pgf/frontendlayer/tikz/libraries/tikzlibraryfit.co
de.tex
File: tikzlibraryfit.code.tex 2008/06/21 v2.00-cvs (rcs-revision 1.3)
) (./white-slides.aux)
\openout1 = `white-slides.aux'.

LaTeX Font Info:    Checking defaults for OML/cmm/m/it on input line 59.
LaTeX Font Info:    ... okay on input line 59.
LaTeX Font Info:    Checking defaults for T1/cmr/m/n on input line 59.
LaTeX Font Info:    ... okay on input line 59.
LaTeX Font Info:    Checking defaults for OT1/cmr/m/n on input line 59.
LaTeX Font Info:    ... okay on input line 59.
LaTeX Font Info:    Checking defaults for OMS/cmsy/m/n on input line 59.
LaTeX Font Info:    ... okay on input line 59.
LaTeX Font Info:    Checking defaults for OMX/cmex/m/n on input line 59.
LaTeX Font Info:    ... okay on input line 59.
LaTeX Font Info:    Checking defaults for U/cmr/m/n on input line 59.
LaTeX Font Info:    ... okay on input line 59.
LaTeX Font Info:    Checking defaults for PD1/pdf/m/n on input line 59.
LaTeX Font Info:    ... okay on input line 59.
 ABD: EveryShipout initializing macros
(/sw/share/texmf-dist/tex/context/base/supp-pdf.tex
(/sw/share/texmf-dist/tex/context/base/supp-mis.tex
loading : Context Support Macros / Miscellaneous (2004.10.26)
\protectiondepth=\count157
\scratchcounter=\count158
\scratchtoks=\toks42
\scratchdimen=\dimen196
\scratchskip=\skip55
\scratchmuskip=\muskip11
\scratchbox=\box62
\scratchread=\read1
\scratchwrite=\write6
\zeropoint=\dimen197
\onepoint=\dimen198
\onebasepoint=\dimen199
\minusone=\count159
\thousandpoint=\dimen200
\onerealpoint=\dimen201
\emptytoks=\toks43
\nextbox=\box63
\nextdepth=\dimen202
\everyline=\toks44
\!!counta=\count160
\!!countb=\count161
\recursecounter=\count162
)
loading : Context Support Macros / PDF (2004.03.26)
\nofMPsegments=\count163
\nofMParguments=\count164
\MPscratchCnt=\count165
\MPscratchDim=\dimen203
\MPnumerator=\count166
\everyMPtoPDFconversion=\toks45
)
-------------------- Geometry parameters
paper: user defined
landscape: --
twocolumn: --
twoside: --
asymmetric: --
h-parts: 28.45274pt, 307.28987pt, 28.45274pt
v-parts: 0.0pt, 273.14662pt, 0.0pt
hmarginratio: --
vmarginratio: --
lines: --
heightrounded: --
bindingoffset: 0.0pt
truedimen: --
includehead: true
includefoot: true
includemp: --
driver: pdftex
-------------------- Page layout dimensions and switches
\paperwidth  364.19536pt
\paperheight 273.14662pt
\textwidth  307.28987pt
\textheight 244.6939pt
\oddsidemargin  -43.81725pt
\evensidemargin -43.81725pt
\topmargin  -72.26999pt
\headheight 14.22636pt
\headsep    0.0pt
\footskip   14.22636pt
\marginparwidth 4.0pt
\marginparsep   10.0pt
\columnsep  10.0pt
\skip\footins  10.0pt plus 4.0pt minus 2.0pt
\hoffset 0.0pt
\voffset 0.0pt
\mag 1000

(1in=72.27pt, 1cm=28.45pt)
-----------------------
Package hyperref Info: Link coloring OFF on input line 59.
 (/sw/share/texmf-dist/tex/latex/hyperref/nameref.sty
Package: nameref 2003/12/03 v2.21 Cross-referencing by name of section
\c@section@level=\count167
)
LaTeX Info: Redefining \ref on input line 59.
LaTeX Info: Redefining \pageref on input line 59.
 (./white-slides.out)
(./white-slides.out)
\openout4 = `white-slides.out'.

\symnumbers=\mathgroup6
\sympureletters=\mathgroup7
LaTeX Font Info:    Overwriting math alphabet `\mathrm' in version `normal'
(Font)                  OT1/cmss/m/n --> OT1/cmr/m/n on input line 59.
LaTeX Font Info:    Redeclaring math alphabet \mathbf on input line 59.
LaTeX Font Info:    Overwriting math alphabet `\mathbf' in version `normal'
(Font)                  OT1/cmr/bx/n --> OT1/cmss/bx/n on input line 59.
LaTeX Font Info:    Overwriting math alphabet `\mathbf' in version `bold'
(Font)                  OT1/cmr/bx/n --> OT1/cmss/bx/n on input line 59.
LaTeX Font Info:    Redeclaring math alphabet \mathsf on input line 59.
LaTeX Font Info:    Overwriting math alphabet `\mathsf' in version `normal'
(Font)                  OT1/cmss/m/n --> OT1/cmss/m/n on input line 59.
LaTeX Font Info:    Overwriting math alphabet `\mathsf' in version `bold'
(Font)                  OT1/cmss/bx/n --> OT1/cmss/m/n on input line 59.
LaTeX Font Info:    Redeclaring math alphabet \mathit on input line 59.
LaTeX Font Info:    Overwriting math alphabet `\mathit' in version `normal'
(Font)                  OT1/cmr/m/it --> OT1/cmss/m/it on input line 59.
LaTeX Font Info:    Overwriting math alphabet `\mathit' in version `bold'
(Font)                  OT1/cmr/bx/it --> OT1/cmss/m/it on input line 59.
LaTeX Font Info:    Redeclaring math alphabet \mathtt on input line 59.
LaTeX Font Info:    Overwriting math alphabet `\mathtt' in version `normal'
(Font)                  OT1/cmtt/m/n --> OT1/cmtt/m/n on input line 59.
LaTeX Font Info:    Overwriting math alphabet `\mathtt' in version `bold'
(Font)                  OT1/cmtt/m/n --> OT1/cmtt/m/n on input line 59.
LaTeX Font Info:    Overwriting symbol font `numbers' in version `bold'
(Font)                  OT1/cmss/m/n --> OT1/cmss/bx/n on input line 59.
LaTeX Font Info:    Overwriting symbol font `pureletters' in version `bold'
(Font)                  OT1/cmss/m/it --> OT1/cmss/bx/it on input line 59.
LaTeX Font Info:    Overwriting math alphabet `\mathrm' in version `bold'
(Font)                  OT1/cmss/bx/n --> OT1/cmr/bx/n on input line 59.
LaTeX Font Info:    Overwriting math alphabet `\mathbf' in version `bold'
(Font)                  OT1/cmss/bx/n --> OT1/cmss/bx/n on input line 59.
LaTeX Font Info:    Overwriting math alphabet `\mathsf' in version `bold'
(Font)                  OT1/cmss/m/n --> OT1/cmss/bx/n on input line 59.
LaTeX Font Info:    Overwriting math alphabet `\mathit' in version `bold'
(Font)                  OT1/cmss/m/it --> OT1/cmss/bx/it on input line 59.
LaTeX Font Info:    Overwriting math alphabet `\mathtt' in version `bold'
(Font)                  OT1/cmtt/m/n --> OT1/cmtt/bx/n on input line 59.
 (./white-slides.nav)
LaTeX Font Info:    Try loading font information for U+msa on input line 63.

(/sw/share/texmf-dist/tex/latex/amsfonts/umsa.fd
File: umsa.fd 2002/01/19 v2.2g AMS font definitions
)
LaTeX Font Info:    Try loading font information for U+msb on input line 63.

(/sw/share/texmf-dist/tex/latex/amsfonts/umsb.fd
File: umsb.fd 2002/01/19 v2.2g AMS font definitions
)
<ENS_Lyon_logo.png, id=26, 228.40889pt x 99.03667pt>
File: ENS_Lyon_logo.png Graphic file (type png)
 <use ENS_Lyon_logo.png>
<NIA_logo.png, id=27, 293.095pt x 293.095pt>
File: NIA_logo.png Graphic file (type png)
 <use NIA_logo.png>
Overfull \vbox (14.73749pt too high) has occurred while \output is active []



LaTeX Font Warning: Font shape `OT1/cmr/m/it' in size <4> not available
(Font)              size <5> substituted on input line 63.


LaTeX Font Warning: Font shape `OT1/cmss/m/n' in size <4> not available
(Font)              size <5> substituted on input line 63.

[1

{/sw/var/lib/texmf/fonts/map/pdftex/updmap/pdftex.map} <./ENS_Lyon_logo.png> <.
/NIA_logo.png>] (./white-slides.toc) [2

] [3

] [4

]

! Package pgfkeys Error: I do not know the key '/tikz/rectangle split horizonta
l' and I am going to ignore it. Perhaps you misspelled it.

See the pgfkeys package documentation for explanation.
Type  H <return>  for immediate help.
 ...                                              
                                                  
l.175 \end{frame}
                 
? 
! Missing number, treated as zero.
<to be read again> 
                   \pgfnodeparttwobox 
l.175 \end{frame}
                 
? 
! A <box> was supposed to be here.
<to be read again> 
                   =
l.175 \end{frame}
                 
? 
Missing character: There is no = in font nullfont!
! Missing number, treated as zero.
<to be read again> 
                   \pgfnodepartthreebox 
l.175 \end{frame}
                 
? 
! A <box> was supposed to be here.
<to be read again> 
                   =
l.175 \end{frame}
                 
? 
Missing character: There is no = in font nullfont!

! Package pgfkeys Error: I do not know the key '/tikz/rectangle split horizonta
l' and I am going to ignore it. Perhaps you misspelled it.

See the pgfkeys package documentation for explanation.
Type  H <return>  for immediate help.
 ...                                              
                                                  
l.175 \end{frame}
                 
? 
! Missing number, treated as zero.
<to be read again> 
                   \pgfnodeparttwobox 
l.175 \end{frame}
                 
? 
! A <box> was supposed to be here.
<to be read again> 
                   =
l.175 \end{frame}
                 
? 
Missing character: There is no = in font nullfont!
! Missing number, treated as zero.
<to be read again> 
                   \pgfnodepartthreebox 
l.175 \end{frame}
                 
? 
! A <box> was supposed to be here.
<to be read again> 
                   =
l.175 \end{frame}
                 
? 
Missing character: There is no = in font nullfont!

! Package pgfkeys Error: I do not know the key '/tikz/rectangle split horizonta
l' and I am going to ignore it. Perhaps you misspelled it.

See the pgfkeys package documentation for explanation.
Type  H <return>  for immediate help.
 ...                                              
                                                  
l.175 \end{frame}
                 
? r
OK, entering \nonstopmode...
! Missing number, treated as zero.
<to be read again> 
                   \pgfnodeparttwobox 
l.175 \end{frame}
                 
A number should have been here; I inserted `0'.
(If you can't figure out why I needed to see a number,
look up `weird error' in the index to The TeXbook.)

! A <box> was supposed to be here.
<to be read again> 
                   =
l.175 \end{frame}
                 
I was expecting to see \hbox or \vbox or \copy or \box or
something like that. So you might find something missing in
your output. But keep trying; you can fix this later.

Missing character: There is no = in font nullfont!
! Missing number, treated as zero.
<to be read again> 
                   \pgfnodepartthreebox 
l.175 \end{frame}
                 
A number should have been here; I inserted `0'.
(If you can't figure out why I needed to see a number,
look up `weird error' in the index to The TeXbook.)

! A <box> was supposed to be here.
<to be read again> 
                   =
l.175 \end{frame}
                 
I was expecting to see \hbox or \vbox or \copy or \box or
something like that. So you might find something missing in
your output. But keep trying; you can fix this later.

Missing character: There is no = in font nullfont!

! Package pgfkeys Error: I do not know the key '/tikz/rectangle split horizonta
l' and I am going to ignore it. Perhaps you misspelled it.

See the pgfkeys package documentation for explanation.
Type  H <return>  for immediate help.
 ...                                              
                                                  
l.175 \end{frame}
                 
This error message was generated by an \errmessage
command, so I can't give any explicit help.
Pretend that you're Hercule Poirot: Examine all clues,
and deduce the truth by order and method.

! Missing number, treated as zero.
<to be read again> 
                   \pgfnodeparttwobox 
l.175 \end{frame}
                 
A number should have been here; I inserted `0'.
(If you can't figure out why I needed to see a number,
look up `weird error' in the index to The TeXbook.)

! A <box> was supposed to be here.
<to be read again> 
                   =
l.175 \end{frame}
                 
I was expecting to see \hbox or \vbox or \copy or \box or
something like that. So you might find something missing in
your output. But keep trying; you can fix this later.

Missing character: There is no = in font nullfont!
! Missing number, treated as zero.
<to be read again> 
                   \pgfnodepartthreebox 
l.175 \end{frame}
                 
A number should have been here; I inserted `0'.
(If you can't figure out why I needed to see a number,
look up `weird error' in the index to The TeXbook.)

! A <box> was supposed to be here.
<to be read again> 
                   =
l.175 \end{frame}
                 
I was expecting to see \hbox or \vbox or \copy or \box or
something like that. So you might find something missing in
your output. But keep trying; you can fix this later.

Missing character: There is no = in font nullfont!

! Package PGF Math Error: Unknown function `two'.

See the PGF Math package documentation for explanation.
Type  H <return>  for immediate help.
 ...                                              
                                                  
l.175 \end{frame}
                 
(That was another \errmessage.)


! Package PGF Math Error: Unknown function `three'.

See the PGF Math package documentation for explanation.
Type  H <return>  for immediate help.
 ...                                              
                                                  
l.175 \end{frame}
                 
(That was another \errmessage.)


! Package PGF Math Error: Unknown function `two'.

See the PGF Math package documentation for explanation.
Type  H <return>  for immediate help.
 ...                                              
                                                  
l.175 \end{frame}
                 
(That was another \errmessage.)


! Package PGF Math Error: Unknown function `three'.

See the PGF Math package documentation for explanation.
Type  H <return>  for immediate help.
 ...                                              
                                                  
l.175 \end{frame}
                 
(That was another \errmessage.)


! Package PGF Math Error: Unknown function `two'.

See the PGF Math package documentation for explanation.
Type  H <return>  for immediate help.
 ...                                              
                                                  
l.175 \end{frame}
                 
(That was another \errmessage.)


! Package PGF Math Error: Unknown function `three'.

See the PGF Math package documentation for explanation.
Type  H <return>  for immediate help.
 ...                                              
                                                  
l.175 \end{frame}
                 
(That was another \errmessage.)


! Package PGF Math Error: Unknown function `two'.

See the PGF Math package documentation for explanation.
Type  H <return>  for immediate help.
 ...                                              
                                                  
l.175 \end{frame}
                 
(That was another \errmessage.)


! Package PGF Math Error: Unknown function `three'.

See the PGF Math package documentation for explanation.
Type  H <return>  for immediate help.
 ...                                              
                                                  
l.175 \end{frame}
                 
(That was another \errmessage.)

[5

]

! Package pgfkeys Error: I do not know the key '/tikz/rectangle split horizonta
l' and I am going to ignore it. Perhaps you misspelled it.

See the pgfkeys package documentation for explanation.
Type  H <return>  for immediate help.
 ...                                              
                                                  
l.213 \end{frame}
                 
(That was another \errmessage.)

! Missing number, treated as zero.
<to be read again> 
                   \pgfnodeparttwobox 
l.213 \end{frame}
                 
A number should have been here; I inserted `0'.
(If you can't figure out why I needed to see a number,
look up `weird error' in the index to The TeXbook.)

! A <box> was supposed to be here.
<to be read again> 
                   =
l.213 \end{frame}
                 
I was expecting to see \hbox or \vbox or \copy or \box or
something like that. So you might find something missing in
your output. But keep trying; you can fix this later.

Missing character: There is no = in font nullfont!
! Missing number, treated as zero.
<to be read again> 
                   \pgfnodepartthreebox 
l.213 \end{frame}
                 
A number should have been here; I inserted `0'.
(If you can't figure out why I needed to see a number,
look up `weird error' in the index to The TeXbook.)

! A <box> was supposed to be here.
<to be read again> 
                   =
l.213 \end{frame}
                 
I was expecting to see \hbox or \vbox or \copy or \box or
something like that. So you might find something missing in
your output. But keep trying; you can fix this later.

Missing character: There is no = in font nullfont!

! Package pgfkeys Error: I do not know the key '/tikz/rectangle split horizonta
l' and I am going to ignore it. Perhaps you misspelled it.

See the pgfkeys package documentation for explanation.
Type  H <return>  for immediate help.
 ...                                              
                                                  
l.213 \end{frame}
                 
(That was another \errmessage.)

! Missing number, treated as zero.
<to be read again> 
                   \pgfnodeparttwobox 
l.213 \end{frame}
                 
A number should have been here; I inserted `0'.
(If you can't figure out why I needed to see a number,
look up `weird error' in the index to The TeXbook.)

! A <box> was supposed to be here.
<to be read again> 
                   =
l.213 \end{frame}
                 
I was expecting to see \hbox or \vbox or \copy or \box or
something like that. So you might find something missing in
your output. But keep trying; you can fix this later.

Missing character: There is no = in font nullfont!
! Missing number, treated as zero.
<to be read again> 
                   \pgfnodepartthreebox 
l.213 \end{frame}
                 
A number should have been here; I inserted `0'.
(If you can't figure out why I needed to see a number,
look up `weird error' in the index to The TeXbook.)

! A <box> was supposed to be here.
<to be read again> 
                   =
l.213 \end{frame}
                 
I was expecting to see \hbox or \vbox or \copy or \box or
something like that. So you might find something missing in
your output. But keep trying; you can fix this later.

Missing character: There is no = in font nullfont!

! Package pgfkeys Error: I do not know the key '/tikz/rectangle split horizonta
l' and I am going to ignore it. Perhaps you misspelled it.

See the pgfkeys package documentation for explanation.
Type  H <return>  for immediate help.
 ...                                              
                                                  
l.213 \end{frame}
                 
(That was another \errmessage.)

! Missing number, treated as zero.
<to be read again> 
                   \pgfnodeparttwobox 
l.213 \end{frame}
                 
A number should have been here; I inserted `0'.
(If you can't figure out why I needed to see a number,
look up `weird error' in the index to The TeXbook.)

! A <box> was supposed to be here.
<to be read again> 
                   =
l.213 \end{frame}
                 
I was expecting to see \hbox or \vbox or \copy or \box or
something like that. So you might find something missing in
your output. But keep trying; you can fix this later.

Missing character: There is no = in font nullfont!
! Missing number, treated as zero.
<to be read again> 
                   \pgfnodepartthreebox 
l.213 \end{frame}
                 
A number should have been here; I inserted `0'.
(If you can't figure out why I needed to see a number,
look up `weird error' in the index to The TeXbook.)

! A <box> was supposed to be here.
<to be read again> 
                   =
l.213 \end{frame}
                 
I was expecting to see \hbox or \vbox or \copy or \box or
something like that. So you might find something missing in
your output. But keep trying; you can fix this later.

Missing character: There is no = in font nullfont!

! Package PGF Math Error: Unknown function `two'.

See the PGF Math package documentation for explanation.
Type  H <return>  for immediate help.
 ...                                              
                                                  
l.213 \end{frame}
                 
(That was another \errmessage.)


! Package PGF Math Error: Unknown function `three'.

See the PGF Math package documentation for explanation.
Type  H <return>  for immediate help.
 ...                                              
                                                  
l.213 \end{frame}
                 
(That was another \errmessage.)


! Package PGF Math Error: Unknown function `two'.

See the PGF Math package documentation for explanation.
Type  H <return>  for immediate help.
 ...                                              
                                                  
l.213 \end{frame}
                 
(That was another \errmessage.)


! Package PGF Math Error: Unknown function `three'.

See the PGF Math package documentation for explanation.
Type  H <return>  for immediate help.
 ...                                              
                                                  
l.213 \end{frame}
                 
(That was another \errmessage.)


! Package PGF Math Error: Unknown function `two'.

See the PGF Math package documentation for explanation.
Type  H <return>  for immediate help.
 ...                                              
                                                  
l.213 \end{frame}
                 
(That was another \errmessage.)


! Package PGF Math Error: Unknown function `three'.

See the PGF Math package documentation for explanation.
Type  H <return>  for immediate help.
 ...                                              
                                                  
l.213 \end{frame}
                 
(That was another \errmessage.)

[6

]

! Package pgfkeys Error: I do not know the key '/tikz/rectangle split horizonta
l' and I am going to ignore it. Perhaps you misspelled it.

See the pgfkeys package documentation for explanation.
Type  H <return>  for immediate help.
 ...                                              
                                                  
l.273 \end{frame}
                 
(That was another \errmessage.)

! Missing number, treated as zero.
<to be read again> 
                   \pgfnodeparttwobox 
l.273 \end{frame}
                 
A number should have been here; I inserted `0'.
(If you can't figure out why I needed to see a number,
look up `weird error' in the index to The TeXbook.)

! A <box> was supposed to be here.
<to be read again> 
                   =
l.273 \end{frame}
                 
I was expecting to see \hbox or \vbox or \copy or \box or
something like that. So you might find something missing in
your output. But keep trying; you can fix this later.

Missing character: There is no = in font nullfont!
! Missing number, treated as zero.
<to be read again> 
                   \pgfnodepartthreebox 
l.273 \end{frame}
                 
A number should have been here; I inserted `0'.
(If you can't figure out why I needed to see a number,
look up `weird error' in the index to The TeXbook.)

! A <box> was supposed to be here.
<to be read again> 
                   =
l.273 \end{frame}
                 
I was expecting to see \hbox or \vbox or \copy or \box or
something like that. So you might find something missing in
your output. But keep trying; you can fix this later.

Missing character: There is no = in font nullfont!

! Package pgfkeys Error: I do not know the key '/tikz/rectangle split horizonta
l' and I am going to ignore it. Perhaps you misspelled it.

See the pgfkeys package documentation for explanation.
Type  H <return>  for immediate help.
 ...                                              
                                                  
l.273 \end{frame}
                 
(That was another \errmessage.)

! Missing number, treated as zero.
<to be read again> 
                   \pgfnodeparttwobox 
l.273 \end{frame}
                 
A number should have been here; I inserted `0'.
(If you can't figure out why I needed to see a number,
look up `weird error' in the index to The TeXbook.)

! A <box> was supposed to be here.
<to be read again> 
                   =
l.273 \end{frame}
                 
I was expecting to see \hbox or \vbox or \copy or \box or
something like that. So you might find something missing in
your output. But keep trying; you can fix this later.

Missing character: There is no = in font nullfont!
! Missing number, treated as zero.
<to be read again> 
                   \pgfnodepartthreebox 
l.273 \end{frame}
                 
A number should have been here; I inserted `0'.
(If you can't figure out why I needed to see a number,
look up `weird error' in the index to The TeXbook.)

! A <box> was supposed to be here.
<to be read again> 
                   =
l.273 \end{frame}
                 
I was expecting to see \hbox or \vbox or \copy or \box or
something like that. So you might find something missing in
your output. But keep trying; you can fix this later.

Missing character: There is no = in font nullfont!

! Package pgfkeys Error: I do not know the key '/tikz/rectangle split horizonta
l' and I am going to ignore it. Perhaps you misspelled it.

See the pgfkeys package documentation for explanation.
Type  H <return>  for immediate help.
 ...                                              
                                                  
l.273 \end{frame}
                 
(That was another \errmessage.)

! Missing number, treated as zero.
<to be read again> 
                   \pgfnodeparttwobox 
l.273 \end{frame}
                 
A number should have been here; I inserted `0'.
(If you can't figure out why I needed to see a number,
look up `weird error' in the index to The TeXbook.)

! A <box> was supposed to be here.
<to be read again> 
                   =
l.273 \end{frame}
                 
I was expecting to see \hbox or \vbox or \copy or \box or
something like that. So you might find something missing in
your output. But keep trying; you can fix this later.

Missing character: There is no = in font nullfont!
! Missing number, treated as zero.
<to be read again> 
                   \pgfnodepartthreebox 
l.273 \end{frame}
                 
A number should have been here; I inserted `0'.
(If you can't figure out why I needed to see a number,
look up `weird error' in the index to The TeXbook.)

! A <box> was supposed to be here.
<to be read again> 
                   =
l.273 \end{frame}
                 
I was expecting to see \hbox or \vbox or \copy or \box or
something like that. So you might find something missing in
your output. But keep trying; you can fix this later.

Missing character: There is no = in font nullfont!

! Package PGF Math Error: Unknown function `two'.

See the PGF Math package documentation for explanation.
Type  H <return>  for immediate help.
 ...                                              
                                                  
l.273 \end{frame}
                 
(That was another \errmessage.)


! Package PGF Math Error: Unknown function `three'.

See the PGF Math package documentation for explanation.
Type  H <return>  for immediate help.
 ...                                              
                                                  
l.273 \end{frame}
                 
(That was another \errmessage.)


! Package PGF Math Error: Unknown function `two'.

See the PGF Math package documentation for explanation.
Type  H <return>  for immediate help.
 ...                                              
                                                  
l.273 \end{frame}
                 
(That was another \errmessage.)


! Package PGF Math Error: Unknown function `three'.

See the PGF Math package documentation for explanation.
Type  H <return>  for immediate help.
 ...                                              
                                                  
l.273 \end{frame}
                 
(That was another \errmessage.)


! Package PGF Math Error: Unknown function `two'.

See the PGF Math package documentation for explanation.
Type  H <return>  for immediate help.
 ...                                              
                                                  
l.273 \end{frame}
                 
(That was another \errmessage.)


! Package PGF Math Error: Unknown function `three'.

See the PGF Math package documentation for explanation.
Type  H <return>  for immediate help.
 ...                                              
                                                  
l.273 \end{frame}
                 
(That was another \errmessage.)


! Package pgfkeys Error: I do not know the key '/tikz/rectangle split horizonta
l' and I am going to ignore it. Perhaps you misspelled it.

See the pgfkeys package documentation for explanation.
Type  H <return>  for immediate help.
 ...                                              
                                                  
l.273 \end{frame}
                 
(That was another \errmessage.)

! Missing number, treated as zero.
<to be read again> 
                   \pgfnodeparttwobox 
l.273 \end{frame}
                 
A number should have been here; I inserted `0'.
(If you can't figure out why I needed to see a number,
look up `weird error' in the index to The TeXbook.)

! A <box> was supposed to be here.
<to be read again> 
                   =
l.273 \end{frame}
                 
I was expecting to see \hbox or \vbox or \copy or \box or
something like that. So you might find something missing in
your output. But keep trying; you can fix this later.

Missing character: There is no = in font nullfont!
! Missing number, treated as zero.
<to be read again> 
                   \pgfnodepartthreebox 
l.273 \end{frame}
                 
A number should have been here; I inserted `0'.
(If you can't figure out why I needed to see a number,
look up `weird error' in the index to The TeXbook.)

! A <box> was supposed to be here.
<to be read again> 
                   =
l.273 \end{frame}
                 
I was expecting to see \hbox or \vbox or \copy or \box or
something like that. So you might find something missing in
your output. But keep trying; you can fix this later.

Missing character: There is no = in font nullfont!

! Package pgfkeys Error: I do not know the key '/tikz/rectangle split horizonta
l' and I am going to ignore it. Perhaps you misspelled it.

See the pgfkeys package documentation for explanation.
Type  H <return>  for immediate help.
 ...                                              
                                                  
l.273 \end{frame}
                 
(That was another \errmessage.)

! Missing number, treated as zero.
<to be read again> 
                   \pgfnodeparttwobox 
l.273 \end{frame}
                 
A number should have been here; I inserted `0'.
(If you can't figure out why I needed to see a number,
look up `weird error' in the index to The TeXbook.)

! A <box> was supposed to be here.
<to be read again> 
                   =
l.273 \end{frame}
                 
I was expecting to see \hbox or \vbox or \copy or \box or
something like that. So you might find something missing in
your output. But keep trying; you can fix this later.

Missing character: There is no = in font nullfont!
! Missing number, treated as zero.
<to be read again> 
                   \pgfnodepartthreebox 
l.273 \end{frame}
                 
A number should have been here; I inserted `0'.
(If you can't figure out why I needed to see a number,
look up `weird error' in the index to The TeXbook.)

! A <box> was supposed to be here.
<to be read again> 
                   =
l.273 \end{frame}
                 
I was expecting to see \hbox or \vbox or \copy or \box or
something like that. So you might find something missing in
your output. But keep trying; you can fix this later.

Missing character: There is no = in font nullfont!

! Package PGF Math Error: Unknown function `two'.

See the PGF Math package documentation for explanation.
Type  H <return>  for immediate help.
 ...                                              
                                                  
l.273 \end{frame}
                 
(That was another \errmessage.)


! Package PGF Math Error: Unknown function `three'.

See the PGF Math package documentation for explanation.
Type  H <return>  for immediate help.
 ...                                              
                                                  
l.273 \end{frame}
                 
(That was another \errmessage.)


! Package PGF Math Error: Unknown function `two'.

See the PGF Math package documentation for explanation.
Type  H <return>  for immediate help.
 ...                                              
                                                  
l.273 \end{frame}
                 
(That was another \errmessage.)


! Package PGF Math Error: Unknown function `three'.

See the PGF Math package documentation for explanation.
Type  H <return>  for immediate help.
 ...                                              
                                                  
l.273 \end{frame}
                 
(That was another \errmessage.)

[7

] [8

] [9

]
\@verb\evmddurl=\box64
 [10

]
Overfull \hbox (8.80246pt too wide) in paragraph at lines 381--381
 [] 
 []

[11

] [12

] [13

]
\tf@nav=\write7
\openout7 = `white-slides.nav'.

\tf@toc=\write8
\openout8 = `white-slides.toc'.

\tf@snm=\write9
\openout9 = `white-slides.snm'.

 (./white-slides.aux)

LaTeX Font Warning: Size substitutions with differences
(Font)              up to 1.0pt have occurred.

 ) 
Here is how much of TeX's memory you used:
 16811 strings out of 94500
 335192 string characters out of 1176113
 447957 words of memory out of 1500000
 19515 multiletter control sequences out of 10000+50000
 19860 words of font info for 72 fonts, out of 1200000 for 2000
 580 hyphenation exceptions out of 8191
 56i,14n,67p,345b,961s stack positions out of 5000i,500n,6000p,200000b,5000s
PDF statistics:
 437 PDF objects out of 65536
 30 named destinations out of 20000
 89 words of extra memory for PDF output out of 65536
</sw/share/texmf-dist/fonts/type1/bluesky/cm/cmss17.pfb></sw/share/texmf-dist
/fonts/type1/bluesky/cm/cmss9.pfb></sw/share/texmf-dist/fonts/type1/bluesky/cm/
cmtt10.pfb></sw/share/texmf-dist/fonts/type1/bluesky/cm/cmex10.pfb></sw/share/t
exmf-dist/fonts/type1/bluesky/cm/cmr10.pfb></sw/share/texmf-dist/fonts/type1/bl
uesky/symbols/msbm10.pfb></sw/share/texmf-dist/fonts/type1/bluesky/cm/cmssi8.pf
b></sw/share/texmf-dist/fonts/type1/bluesky/cm/cmmi10.pfb></sw/share/texmf-dist
/fonts/type1/bluesky/cm/cmsy10.pfb></sw/share/texmf-dist/fonts/type1/bluesky/cm
/cmssi10.pfb></sw/share/texmf-dist/fonts/type1/bluesky/symbols/msam7.pfb></sw/s
hare/texmf-dist/fonts/type1/bluesky/symbols/msam7.pfb></sw/share/texmf-dist/fon
ts/type1/bluesky/cm/cmti10.pfb></sw/share/texmf-dist/fonts/type1/bluesky/cm/cmt
t8.pfb></sw/share/texmf-dist/fonts/type1/bluesky/cm/cmss8.pfb></sw/share/texmf-
dist/fonts/type1/bluesky/cm/cmti12.pfb></sw/share/texmf-dist/fonts/type1/bluesk
y/cm/cmss10.pfb>
Output written on white-slides.pdf (13 pages, 280183 bytes).
