This file contains any messages produced by compilers while
running configure, to aid debugging if configure makes a mistake.

It was created by evmdd configure 0.0.9, which was
generated by GNU Autoconf 2.69.  Invocation command line was

  $ ./configure --no-create --no-recursion

## --------- ##
## Platform. ##
## --------- ##

hostname = Radus-MacBook-Pro.local
uname -m = x86_64
uname -r = 13.1.0
uname -s = Darwin
uname -v = Darwin Kernel Version 13.1.0: Thu Jan 16 19:40:37 PST 2014; root:xnu-2422.90.20~2/RELEASE_X86_64

/usr/bin/uname -p = i386
/bin/uname -X     = unknown

/bin/arch              = unknown
/usr/bin/arch -k       = unknown
/usr/convex/getsysinfo = unknown
/usr/bin/hostinfo      = Mach kernel version:
	 Darwin Kernel Version 13.1.0: Thu Jan 16 19:40:37 PST 2014; root:xnu-2422.90.20~2/RELEASE_X86_64
Kernel configured for up to 4 processors.
2 processors are physically available.
4 processors are logically available.
Processor type: i486 (Intel 80486)
Processors active: 0 1 2 3
Primary memory available: 8.00 gigabytes
Default processor set: 301 tasks, 1050 threads, 4 processors
Load average: 1.70, Mach factor: 2.28
/bin/machine           = unknown
/usr/bin/oslevel       = unknown
/bin/universe          = unknown

PATH: .
PATH: /usr/bin
PATH: /bin
PATH: /usr/sbin
PATH: /sbin
PATH: /usr/local/bin
PATH: /opt/X11/bin
PATH: /usr/texbin
PATH: /Users/radu/bin
PATH: /Users/radu/rsssf/sat
PATH: /opt/local/bin


## ----------- ##
## Core tests. ##
## ----------- ##

configure:2463: checking for a BSD-compatible install
configure:2531: result: /usr/bin/install -c
configure:2542: checking whether build environment is sane
configure:2597: result: yes
configure:2635: WARNING: 'missing' script is too old or missing
configure:2748: checking for a thread-safe mkdir -p
configure:2787: result: /opt/local/bin/gmkdir -p
configure:2794: checking for gawk
configure:2824: result: no
configure:2794: checking for mawk
configure:2824: result: no
configure:2794: checking for nawk
configure:2824: result: no
configure:2794: checking for awk
configure:2810: found /usr/bin/awk
configure:2821: result: awk
configure:2832: checking whether make sets $(MAKE)
configure:2854: result: yes
configure:2883: checking whether make supports nested variables
configure:2900: result: yes
configure:3105: checking for gcc
configure:3121: found /usr/bin/gcc
configure:3132: result: gcc
configure:3361: checking for C compiler version
configure:3370: gcc --version >&5
Apple LLVM version 5.1 (clang-503.0.40) (based on LLVM 3.4svn)
Target: x86_64-apple-darwin13.1.0
Thread model: posix
Configured with: --prefix=/Applications/Xcode.app/Contents/Developer/usr --with-gxx-include-dir=/Applications/Xcode.app/Contents/Developer/Platforms/MacOSX.platform/Developer/SDKs/MacOSX10.9.sdk/usr/include/c++/4.2.1
configure:3381: $? = 0
configure:3370: gcc -v >&5
Configured with: --prefix=/Applications/Xcode.app/Contents/Developer/usr --with-gxx-include-dir=/Applications/Xcode.app/Contents/Developer/Platforms/MacOSX.platform/Developer/SDKs/MacOSX10.9.sdk/usr/include/c++/4.2.1
Apple LLVM version 5.1 (clang-503.0.40) (based on LLVM 3.4svn)
Target: x86_64-apple-darwin13.1.0
Thread model: posix
configure:3381: $? = 0
configure:3370: gcc -V >&5
clang: error: argument to '-V' is missing (expected 1 value)
clang: error: no input files
configure:3381: $? = 1
configure:3370: gcc -qversion >&5
clang: error: unknown argument: '-qversion' [-Wunused-command-line-argument-hard-error-in-future]
clang: note: this will be a hard error (cannot be downgraded to a warning) in the future
clang: error: no input files
configure:3381: $? = 1
configure:3401: checking whether the C compiler works
configure:3423: gcc -DNDEBUG -O3 -ansi -pedantic -Wall    conftest.c  >&5
configure:3427: $? = 0
configure:3475: result: yes
configure:3478: checking for C compiler default output file name
configure:3480: result: a.out
configure:3486: checking for suffix of executables
configure:3493: gcc -o conftest -DNDEBUG -O3 -ansi -pedantic -Wall    conftest.c  >&5
configure:3497: $? = 0
configure:3519: result: 
configure:3541: checking whether we are cross compiling
configure:3549: gcc -o conftest -DNDEBUG -O3 -ansi -pedantic -Wall    conftest.c  >&5
configure:3553: $? = 0
configure:3560: ./conftest
configure:3564: $? = 0
configure:3579: result: no
configure:3584: checking for suffix of object files
configure:3606: gcc -c -DNDEBUG -O3 -ansi -pedantic -Wall   conftest.c >&5
configure:3610: $? = 0
configure:3631: result: o
configure:3635: checking whether we are using the GNU C compiler
configure:3654: gcc -c -DNDEBUG -O3 -ansi -pedantic -Wall   conftest.c >&5
configure:3654: $? = 0
configure:3663: result: yes
configure:3672: checking whether gcc accepts -g
configure:3692: gcc -c -g  conftest.c >&5
configure:3692: $? = 0
configure:3733: result: yes
configure:3750: checking for gcc option to accept ISO C89
configure:3813: gcc  -c -DNDEBUG -O3 -ansi -pedantic -Wall   conftest.c >&5
configure:3813: $? = 0
configure:3826: result: none needed
configure:3851: checking whether gcc understands -c and -o together
configure:3873: gcc -c conftest.c -o conftest2.o
configure:3876: $? = 0
configure:3873: gcc -c conftest.c -o conftest2.o
configure:3876: $? = 0
configure:3888: result: yes
configure:3916: checking for style of include used by make
configure:3944: result: GNU
configure:3970: checking dependency style of gcc
configure:4081: result: gcc3
configure:4126: checking build system type
configure:4140: result: i386-apple-darwin13.1.0
configure:4160: checking host system type
configure:4173: result: i386-apple-darwin13.1.0
configure:4193: checking for a sed that does not truncate output
configure:4257: result: /usr/bin/sed
configure:4275: checking for grep that handles long lines and -e
configure:4333: result: /usr/bin/grep
configure:4338: checking for egrep
configure:4400: result: /usr/bin/grep -E
configure:4405: checking for fgrep
configure:4467: result: /usr/bin/grep -F
configure:4502: checking for ld used by gcc
configure:4569: result: /Applications/Xcode.app/Contents/Developer/Toolchains/XcodeDefault.xctoolchain/usr/bin/ld
configure:4576: checking if the linker (/Applications/Xcode.app/Contents/Developer/Toolchains/XcodeDefault.xctoolchain/usr/bin/ld) is GNU ld
configure:4591: result: no
configure:4603: checking for BSD- or MS-compatible name lister (nm)
configure:4652: result: /usr/bin/nm
configure:4770: checking the name lister (/usr/bin/nm) interface
configure:4777: gcc -c -DNDEBUG -O3 -ansi -pedantic -Wall   conftest.c >&5
configure:4780: /usr/bin/nm "conftest.o"
configure:4783: output
0000000000000000 S _some_variable
configure:4790: result: BSD nm
configure:4793: checking whether ln -s works
configure:4797: result: yes
configure:4805: checking the maximum length of command line arguments
configure:4925: result: 196608
configure:4942: checking whether the shell understands some XSI constructs
configure:4952: result: yes
configure:4956: checking whether the shell understands "+="
configure:4962: result: yes
configure:4997: checking for /Applications/Xcode.app/Contents/Developer/Toolchains/XcodeDefault.xctoolchain/usr/bin/ld option to reload object files
configure:5004: result: -r
configure:5073: checking for objdump
configure:5103: result: no
configure:5132: checking how to recognize dependent libraries
configure:5328: result: pass_all
configure:5388: checking for ar
configure:5404: found /usr/bin/ar
configure:5415: result: ar
configure:5493: checking for strip
configure:5509: found /usr/bin/strip
configure:5520: result: strip
configure:5592: checking for ranlib
configure:5608: found /usr/bin/ranlib
configure:5619: result: ranlib
configure:5709: checking command to parse /usr/bin/nm output from gcc object
configure:5827: gcc -c -DNDEBUG -O3 -ansi -pedantic -Wall   conftest.c >&5
configure:5830: $? = 0
configure:5834: /usr/bin/nm conftest.o \| sed -n -e 's/^.*[	 ]\([BCDEGRST][BCDEGRST]*\)[	 ][	 ]*\([_A-Za-z][_A-Za-z0-9]*\)$/\1 \2 \2/p' \> conftest.nm
configure:5837: $? = 0
cannot find nm_test_var in conftest.nm
configure:5827: gcc -c -DNDEBUG -O3 -ansi -pedantic -Wall   conftest.c >&5
configure:5830: $? = 0
configure:5834: /usr/bin/nm conftest.o \| sed -n -e 's/^.*[	 ]\([BCDEGRST][BCDEGRST]*\)[	 ][	 ]*_\([_A-Za-z][_A-Za-z0-9]*\)$/\1 _\2 \2/p' \> conftest.nm
configure:5837: $? = 0
configure:5891: gcc -o conftest -DNDEBUG -O3 -ansi -pedantic -Wall    conftest.c conftstm.o >&5
configure:5894: $? = 0
configure:5932: result: ok
configure:6197: checking for dsymutil
configure:6213: found /usr/bin/dsymutil
configure:6224: result: dsymutil
configure:6289: checking for nmedit
configure:6305: found /usr/bin/nmedit
configure:6316: result: nmedit
configure:6381: checking for lipo
configure:6397: found /usr/bin/lipo
configure:6408: result: lipo
configure:6473: checking for otool
configure:6489: found /usr/bin/otool
configure:6500: result: otool
configure:6565: checking for otool64
configure:6595: result: no
configure:6640: checking for -single_module linker flag
gcc -DNDEBUG -O3 -ansi -pedantic -Wall   -o libconftest.dylib -dynamiclib -Wl,-single_module conftest.c
configure:6667: result: yes
configure:6669: checking for -exported_symbols_list linker flag
configure:6689: gcc -o conftest -DNDEBUG -O3 -ansi -pedantic -Wall    -Wl,-exported_symbols_list,conftest.sym conftest.c  >&5
configure:6689: $? = 0
configure:6699: result: yes
configure:6741: checking how to run the C preprocessor
configure:6772: gcc -E  conftest.c
configure:6772: $? = 0
configure:6786: gcc -E  conftest.c
conftest.c:11:10: fatal error: 'ac_nonexistent.h' file not found
#include <ac_nonexistent.h>
         ^
1 error generated.
configure:6786: $? = 1
configure: failed program was:
| /* confdefs.h */
| #define PACKAGE_NAME "evmdd"
| #define PACKAGE_TARNAME "evmdd"
| #define PACKAGE_VERSION "0.0.9"
| #define PACKAGE_STRING "evmdd 0.0.9"
| #define PACKAGE_BUGREPORT "radu@nianet.org"
| #define PACKAGE_URL ""
| #define PACKAGE "evmdd"
| #define VERSION "0.0.9"
| /* end confdefs.h.  */
| #include <ac_nonexistent.h>
configure:6811: result: gcc -E
configure:6831: gcc -E  conftest.c
configure:6831: $? = 0
configure:6845: gcc -E  conftest.c
conftest.c:11:10: fatal error: 'ac_nonexistent.h' file not found
#include <ac_nonexistent.h>
         ^
1 error generated.
configure:6845: $? = 1
configure: failed program was:
| /* confdefs.h */
| #define PACKAGE_NAME "evmdd"
| #define PACKAGE_TARNAME "evmdd"
| #define PACKAGE_VERSION "0.0.9"
| #define PACKAGE_STRING "evmdd 0.0.9"
| #define PACKAGE_BUGREPORT "radu@nianet.org"
| #define PACKAGE_URL ""
| #define PACKAGE "evmdd"
| #define VERSION "0.0.9"
| /* end confdefs.h.  */
| #include <ac_nonexistent.h>
configure:6874: checking for ANSI C header files
configure:6894: gcc -c -DNDEBUG -O3 -ansi -pedantic -Wall   conftest.c >&5
configure:6894: $? = 0
configure:6967: gcc -o conftest -DNDEBUG -O3 -ansi -pedantic -Wall    conftest.c  >&5
configure:6967: $? = 0
configure:6967: ./conftest
configure:6967: $? = 0
configure:6978: result: yes
configure:6991: checking for sys/types.h
configure:6991: gcc -c -DNDEBUG -O3 -ansi -pedantic -Wall   conftest.c >&5
configure:6991: $? = 0
configure:6991: result: yes
configure:6991: checking for sys/stat.h
configure:6991: gcc -c -DNDEBUG -O3 -ansi -pedantic -Wall   conftest.c >&5
configure:6991: $? = 0
configure:6991: result: yes
configure:6991: checking for stdlib.h
configure:6991: gcc -c -DNDEBUG -O3 -ansi -pedantic -Wall   conftest.c >&5
configure:6991: $? = 0
configure:6991: result: yes
configure:6991: checking for string.h
configure:6991: gcc -c -DNDEBUG -O3 -ansi -pedantic -Wall   conftest.c >&5
configure:6991: $? = 0
configure:6991: result: yes
configure:6991: checking for memory.h
configure:6991: gcc -c -DNDEBUG -O3 -ansi -pedantic -Wall   conftest.c >&5
configure:6991: $? = 0
configure:6991: result: yes
configure:6991: checking for strings.h
configure:6991: gcc -c -DNDEBUG -O3 -ansi -pedantic -Wall   conftest.c >&5
configure:6991: $? = 0
configure:6991: result: yes
configure:6991: checking for inttypes.h
configure:6991: gcc -c -DNDEBUG -O3 -ansi -pedantic -Wall   conftest.c >&5
configure:6991: $? = 0
configure:6991: result: yes
configure:6991: checking for stdint.h
configure:6991: gcc -c -DNDEBUG -O3 -ansi -pedantic -Wall   conftest.c >&5
configure:6991: $? = 0
configure:6991: result: yes
configure:6991: checking for unistd.h
configure:6991: gcc -c -DNDEBUG -O3 -ansi -pedantic -Wall   conftest.c >&5
configure:6991: $? = 0
configure:6991: result: yes
configure:7005: checking for dlfcn.h
configure:7005: gcc -c -DNDEBUG -O3 -ansi -pedantic -Wall   conftest.c >&5
configure:7005: $? = 0
configure:7005: result: yes
configure:7188: checking for objdir
configure:7203: result: .libs
configure:7499: checking if gcc supports -fno-rtti -fno-exceptions
configure:7517: gcc -c -DNDEBUG -O3 -ansi -pedantic -Wall   -fno-rtti -fno-exceptions conftest.c >&5
configure:7521: $? = 0
configure:7534: result: yes
configure:7554: checking for gcc option to produce PIC
configure:7826: result: -fno-common -DPIC
configure:7838: checking if gcc PIC flag -fno-common -DPIC works
configure:7856: gcc -c -DNDEBUG -O3 -ansi -pedantic -Wall   -fno-common -DPIC -DPIC conftest.c >&5
configure:7860: $? = 0
configure:7873: result: yes
configure:7897: checking if gcc static flag -static works
configure:7925: result: no
configure:7940: checking if gcc supports -c -o file.o
configure:7961: gcc -c -DNDEBUG -O3 -ansi -pedantic -Wall   -o out/conftest2.o conftest.c >&5
configure:7965: $? = 0
configure:7987: result: yes
configure:7995: checking if gcc supports -c -o file.o
configure:8042: result: yes
configure:8075: checking whether the gcc linker (/Applications/Xcode.app/Contents/Developer/Toolchains/XcodeDefault.xctoolchain/usr/bin/ld) supports shared libraries
configure:9065: result: yes
configure:9304: checking dynamic linker characteristics
configure:9967: result: darwin13.1.0 dyld
configure:10069: checking how to hardcode library paths into programs
configure:10094: result: immediate
configure:10614: checking whether stripping libraries is possible
configure:10628: result: yes
configure:10654: checking if libtool supports shared libraries
configure:10656: result: yes
configure:10659: checking whether to build shared libraries
configure:10680: result: no
configure:10683: checking whether to build static libraries
configure:10687: result: yes
configure:10832: checking for doxygen
configure:10865: result: no
configure:10885: WARNING: doxygen not found - will not generate any doxygen documentation
configure:10938: checking for perl
configure:10956: found /usr/bin/perl
configure:10968: result: /usr/bin/perl
configure:12663: checking for ANSI C header files
configure:12767: result: yes
configure:12778: checking limits.h usability
configure:12778: gcc -c -DNDEBUG -O3 -ansi -pedantic -Wall   conftest.c >&5
configure:12778: $? = 0
configure:12778: result: yes
configure:12778: checking limits.h presence
configure:12778: gcc -E  conftest.c
configure:12778: $? = 0
configure:12778: result: yes
configure:12778: checking for limits.h
configure:12778: result: yes
configure:12778: checking for stdlib.h
configure:12778: result: yes
configure:12778: checking for string.h
configure:12778: result: yes
configure:12778: checking sys/time.h usability
configure:12778: gcc -c -DNDEBUG -O3 -ansi -pedantic -Wall   conftest.c >&5
configure:12778: $? = 0
configure:12778: result: yes
configure:12778: checking sys/time.h presence
configure:12778: gcc -E  conftest.c
configure:12778: $? = 0
configure:12778: result: yes
configure:12778: checking for sys/time.h
configure:12778: result: yes
configure:12790: checking whether time.h and sys/time.h may both be included
configure:12810: gcc -c -DNDEBUG -O3 -ansi -pedantic -Wall   conftest.c >&5
configure:12810: $? = 0
configure:12817: result: yes
configure:12829: checking for stdlib.h
configure:12829: result: yes
configure:12839: checking for GNU libc compatible malloc
configure:12863: gcc -o conftest -DNDEBUG -O3 -ansi -pedantic -Wall    conftest.c  >&5
configure:12863: $? = 0
configure:12863: ./conftest
configure:12863: $? = 0
configure:12873: result: yes
configure:12896: checking for stdlib.h
configure:12896: result: yes
configure:12906: checking for GNU libc compatible realloc
configure:12930: gcc -o conftest -DNDEBUG -O3 -ansi -pedantic -Wall    conftest.c  >&5
configure:12930: $? = 0
configure:12930: ./conftest
configure:12930: $? = 0
configure:12940: result: yes
configure:13073: checking that generated files are newer than configure
configure:13079: result: done
configure:13190: creating ./config.status

## ---------------- ##
## Cache variables. ##
## ---------------- ##

ac_cv_build=i386-apple-darwin13.1.0
ac_cv_c_compiler_gnu=yes
ac_cv_env_CC_set=
ac_cv_env_CC_value=
ac_cv_env_CFLAGS_set=
ac_cv_env_CFLAGS_value=
ac_cv_env_CPPFLAGS_set=
ac_cv_env_CPPFLAGS_value=
ac_cv_env_CPP_set=
ac_cv_env_CPP_value=
ac_cv_env_DOXYGEN_PAPER_SIZE_set=
ac_cv_env_DOXYGEN_PAPER_SIZE_value=
ac_cv_env_LDFLAGS_set=
ac_cv_env_LDFLAGS_value=
ac_cv_env_LIBS_set=
ac_cv_env_LIBS_value=
ac_cv_env_build_alias_set=
ac_cv_env_build_alias_value=
ac_cv_env_host_alias_set=
ac_cv_env_host_alias_value=
ac_cv_env_target_alias_set=
ac_cv_env_target_alias_value=
ac_cv_func_malloc_0_nonnull=yes
ac_cv_func_realloc_0_nonnull=yes
ac_cv_header_dlfcn_h=yes
ac_cv_header_inttypes_h=yes
ac_cv_header_limits_h=yes
ac_cv_header_memory_h=yes
ac_cv_header_stdc=yes
ac_cv_header_stdint_h=yes
ac_cv_header_stdlib_h=yes
ac_cv_header_string_h=yes
ac_cv_header_strings_h=yes
ac_cv_header_sys_stat_h=yes
ac_cv_header_sys_time_h=yes
ac_cv_header_sys_types_h=yes
ac_cv_header_time=yes
ac_cv_header_unistd_h=yes
ac_cv_host=i386-apple-darwin13.1.0
ac_cv_objext=o
ac_cv_path_EGREP='/usr/bin/grep -E'
ac_cv_path_FGREP='/usr/bin/grep -F'
ac_cv_path_GREP=/usr/bin/grep
ac_cv_path_SED=/usr/bin/sed
ac_cv_path_ac_pt_DX_PERL=/usr/bin/perl
ac_cv_path_install='/usr/bin/install -c'
ac_cv_path_mkdir=/opt/local/bin/gmkdir
ac_cv_prog_AWK=awk
ac_cv_prog_CPP='gcc -E'
ac_cv_prog_ac_ct_AR=ar
ac_cv_prog_ac_ct_CC=gcc
ac_cv_prog_ac_ct_DSYMUTIL=dsymutil
ac_cv_prog_ac_ct_LIPO=lipo
ac_cv_prog_ac_ct_NMEDIT=nmedit
ac_cv_prog_ac_ct_OTOOL=otool
ac_cv_prog_ac_ct_RANLIB=ranlib
ac_cv_prog_ac_ct_STRIP=strip
ac_cv_prog_cc_c89=
ac_cv_prog_cc_g=yes
ac_cv_prog_make_make_set=yes
am_cv_CC_dependencies_compiler_type=gcc3
am_cv_make_support_nested_variables=yes
am_cv_prog_cc_c_o=yes
lt_cv_apple_cc_single_mod=yes
lt_cv_deplibs_check_method=pass_all
lt_cv_file_magic_cmd='$MAGIC_CMD'
lt_cv_file_magic_test_file=
lt_cv_ld_exported_symbols_list=yes
lt_cv_ld_reload_flag=-r
lt_cv_nm_interface='BSD nm'
lt_cv_objdir=.libs
lt_cv_path_LD=/Applications/Xcode.app/Contents/Developer/Toolchains/XcodeDefault.xctoolchain/usr/bin/ld
lt_cv_path_NM=/usr/bin/nm
lt_cv_prog_compiler_c_o=yes
lt_cv_prog_compiler_pic_works=yes
lt_cv_prog_compiler_rtti_exceptions=yes
lt_cv_prog_compiler_static_works=no
lt_cv_prog_gnu_ld=no
lt_cv_sys_global_symbol_pipe='sed -n -e '\''s/^.*[	 ]\([BCDEGRST][BCDEGRST]*\)[	 ][	 ]*_\([_A-Za-z][_A-Za-z0-9]*\)$/\1 _\2 \2/p'\'''
lt_cv_sys_global_symbol_to_c_name_address='sed -n -e '\''s/^: \([^ ]*\) $/  {\"\1\", (void *) 0},/p'\'' -e '\''s/^[BCDEGRST]* \([^ ]*\) \([^ ]*\)$/  {"\2", (void *) \&\2},/p'\'''
lt_cv_sys_global_symbol_to_c_name_address_lib_prefix='sed -n -e '\''s/^: \([^ ]*\) $/  {\"\1\", (void *) 0},/p'\'' -e '\''s/^[BCDEGRST]* \([^ ]*\) \(lib[^ ]*\)$/  {"\2", (void *) \&\2},/p'\'' -e '\''s/^[BCDEGRST]* \([^ ]*\) \([^ ]*\)$/  {"lib\2", (void *) \&\2},/p'\'''
lt_cv_sys_global_symbol_to_cdecl='sed -n -e '\''s/^T .* \(.*\)$/extern int \1();/p'\'' -e '\''s/^[BCDEGRST]* .* \(.*\)$/extern char \1;/p'\'''
lt_cv_sys_max_cmd_len=196608

## ----------------- ##
## Output variables. ##
## ----------------- ##

ACLOCAL='aclocal-1.14'
AMDEPBACKSLASH='\'
AMDEP_FALSE='#'
AMDEP_TRUE=''
AMTAR='$${TAR-tar}'
AM_BACKSLASH='\'
AM_DEFAULT_V='$(AM_DEFAULT_VERBOSITY)'
AM_DEFAULT_VERBOSITY='1'
AM_V='$(V)'
AR='ar'
AUTOCONF='autoconf'
AUTOHEADER='autoheader'
AUTOMAKE='automake-1.14'
AWK='awk'
CC='gcc'
CCDEPMODE='depmode=gcc3'
CFLAGS='-DNDEBUG -O3 -ansi -pedantic -Wall '
CPP='gcc -E'
CPPFLAGS=''
CYGPATH_W='echo'
DEFS='-DHAVE_CONFIG_H'
DEPDIR='.deps'
DOXYGEN_PAPER_SIZE=''
DSYMUTIL='dsymutil'
DUMPBIN=''
DX_COND_chi_FALSE=''
DX_COND_chi_TRUE='#'
DX_COND_chm_FALSE=''
DX_COND_chm_TRUE='#'
DX_COND_doc_FALSE=''
DX_COND_doc_TRUE='#'
DX_COND_dot_FALSE=''
DX_COND_dot_TRUE='#'
DX_COND_html_FALSE=''
DX_COND_html_TRUE='#'
DX_COND_latex_FALSE=''
DX_COND_latex_TRUE='#'
DX_COND_man_FALSE=''
DX_COND_man_TRUE='#'
DX_COND_pdf_FALSE=''
DX_COND_pdf_TRUE='#'
DX_COND_ps_FALSE=''
DX_COND_ps_TRUE='#'
DX_COND_rtf_FALSE=''
DX_COND_rtf_TRUE='#'
DX_COND_xml_FALSE=''
DX_COND_xml_TRUE='#'
DX_CONFIG='doxygen.cfg'
DX_DOCDIR='doxygen-doc'
DX_DOT=''
DX_DOXYGEN=''
DX_DVIPS=''
DX_EGREP=''
DX_ENV=' SRCDIR='\''.'\'' PROJECT='\''evmdd'\'' DOCDIR='\''doxygen-doc'\'' VERSION='\''0.0.9'\'' HAVE_DOT='\''NO'\'' GENERATE_MAN='\''NO'\'' GENERATE_RTF='\''NO'\'' GENERATE_XML='\''NO'\'' GENERATE_HTMLHELP='\''NO'\'' GENERATE_CHI='\''NO'\'' GENERATE_HTML='\''NO'\'' GENERATE_LATEX='\''NO'\'''
DX_FLAG_DX_CURRENT_FEATURE=''
DX_FLAG_chi='0'
DX_FLAG_chm='0'
DX_FLAG_doc='0'
DX_FLAG_dot='0'
DX_FLAG_html='0'
DX_FLAG_man='0'
DX_FLAG_pdf='0'
DX_FLAG_ps='0'
DX_FLAG_rtf='0'
DX_FLAG_xml='0'
DX_HHC=''
DX_LATEX=''
DX_MAKEINDEX=''
DX_PDFLATEX=''
DX_PERL='/usr/bin/perl'
DX_PROJECT='evmdd'
ECHO_C='\c'
ECHO_N=''
ECHO_T=''
EGREP='/usr/bin/grep -E'
EXEEXT=''
FGREP='/usr/bin/grep -F'
GREP='/usr/bin/grep'
INSTALL_DATA='${INSTALL} -m 644'
INSTALL_PROGRAM='${INSTALL}'
INSTALL_SCRIPT='${INSTALL}'
INSTALL_STRIP_PROGRAM='$(install_sh) -c -s'
LD='/Applications/Xcode.app/Contents/Developer/Toolchains/XcodeDefault.xctoolchain/usr/bin/ld'
LDFLAGS=''
LIBOBJS=''
LIBS=''
LIBTOOL='$(SHELL) $(top_builddir)/libtool'
LIPO='lipo'
LN_S='ln -s'
LTLIBOBJS=''
MAKEINFO='makeinfo'
MKDIR_P='/opt/local/bin/gmkdir -p'
NM='/usr/bin/nm'
NMEDIT='nmedit'
OBJDUMP='false'
OBJEXT='o'
OTOOL64=':'
OTOOL='otool'
PACKAGE='evmdd'
PACKAGE_BUGREPORT='radu@nianet.org'
PACKAGE_NAME='evmdd'
PACKAGE_STRING='evmdd 0.0.9'
PACKAGE_TARNAME='evmdd'
PACKAGE_URL=''
PACKAGE_VERSION='0.0.9'
PATH_SEPARATOR=':'
RANLIB='ranlib'
SED='/usr/bin/sed'
SET_MAKE=''
SHELL='/bin/sh'
STRIP='strip'
VERSION='0.0.9'
ac_ct_CC='gcc'
ac_ct_DUMPBIN=''
am__EXEEXT_FALSE=''
am__EXEEXT_TRUE='#'
am__fastdepCC_FALSE='#'
am__fastdepCC_TRUE=''
am__include='include'
am__isrc=''
am__leading_dot='.'
am__nodep='_no'
am__quote=''
am__tar='$${TAR-tar} chof - "$$tardir"'
am__untar='$${TAR-tar} xf -'
bindir='${exec_prefix}/bin'
build='i386-apple-darwin13.1.0'
build_alias=''
build_cpu='i386'
build_os='darwin13.1.0'
build_vendor='apple'
datadir='${datarootdir}'
datarootdir='${prefix}/share'
docdir='${datarootdir}/doc/${PACKAGE_TARNAME}'
dvidir='${docdir}'
exec_prefix='${prefix}'
host='i386-apple-darwin13.1.0'
host_alias=''
host_cpu='i386'
host_os='darwin13.1.0'
host_vendor='apple'
htmldir='${docdir}'
includedir='${prefix}/include'
infodir='${datarootdir}/info'
install_sh='${SHELL} /Users/radu/workspace/EVMDD/trunk/evmdd/install-sh'
libdir='${exec_prefix}/lib'
libexecdir='${exec_prefix}/libexec'
localedir='${datarootdir}/locale'
localstatedir='${prefix}/var'
lt_ECHO='/bin/echo'
mandir='${datarootdir}/man'
mkdir_p='$(MKDIR_P)'
oldincludedir='/usr/include'
pdfdir='${docdir}'
prefix='/usr/local'
program_transform_name='s,x,x,'
psdir='${docdir}'
sbindir='${exec_prefix}/sbin'
sharedstatedir='${prefix}/com'
sysconfdir='${prefix}/etc'
target_alias=''

## ----------- ##
## confdefs.h. ##
## ----------- ##

/* confdefs.h */
#define PACKAGE_NAME "evmdd"
#define PACKAGE_TARNAME "evmdd"
#define PACKAGE_VERSION "0.0.9"
#define PACKAGE_STRING "evmdd 0.0.9"
#define PACKAGE_BUGREPORT "radu@nianet.org"
#define PACKAGE_URL ""
#define PACKAGE "evmdd"
#define VERSION "0.0.9"
#define STDC_HEADERS 1
#define HAVE_SYS_TYPES_H 1
#define HAVE_SYS_STAT_H 1
#define HAVE_STDLIB_H 1
#define HAVE_STRING_H 1
#define HAVE_MEMORY_H 1
#define HAVE_STRINGS_H 1
#define HAVE_INTTYPES_H 1
#define HAVE_STDINT_H 1
#define HAVE_UNISTD_H 1
#define HAVE_DLFCN_H 1
#define LT_OBJDIR ".libs/"
#define STDC_HEADERS 1
#define HAVE_LIMITS_H 1
#define HAVE_STDLIB_H 1
#define HAVE_STRING_H 1
#define HAVE_SYS_TIME_H 1
#define TIME_WITH_SYS_TIME 1
#define HAVE_STDLIB_H 1
#define HAVE_MALLOC 1
#define HAVE_STDLIB_H 1
#define HAVE_REALLOC 1

configure: exit 0

## ---------------------- ##
## Running config.status. ##
## ---------------------- ##

This file was extended by evmdd config.status 0.0.9, which was
generated by GNU Autoconf 2.69.  Invocation command line was

  CONFIG_FILES    = 
  CONFIG_HEADERS  = 
  CONFIG_LINKS    = 
  CONFIG_COMMANDS = 
  $ ./config.status 

on Radus-MacBook-Pro.local

config.status:1121: creating Makefile
config.status:1121: creating src/Makefile
config.status:1121: creating evmdd.pc
config.status:1121: creating config.h
config.status:1302: config.h is unchanged
config.status:1350: executing depfiles commands
config.status:1350: executing libtool commands
